mode: atomic
github.com/gidyon/services/internal/messaging/push/push.go:39.98,42.9 2 7
github.com/gidyon/services/internal/messaging/push/push.go:54.2,54.16 1 7
github.com/gidyon/services/internal/messaging/push/push.go:59.2,60.16 2 2
github.com/gidyon/services/internal/messaging/push/push.go:65.2,66.16 2 2
github.com/gidyon/services/internal/messaging/push/push.go:71.2,77.21 2 2
github.com/gidyon/services/internal/messaging/push/push.go:43.18,44.34 1 1
github.com/gidyon/services/internal/messaging/push/push.go:45.18,46.33 1 1
github.com/gidyon/services/internal/messaging/push/push.go:47.25,48.33 1 1
github.com/gidyon/services/internal/messaging/push/push.go:49.32,50.34 1 1
github.com/gidyon/services/internal/messaging/push/push.go:51.30,52.44 1 1
github.com/gidyon/services/internal/messaging/push/push.go:54.16,56.3 1 5
github.com/gidyon/services/internal/messaging/push/push.go:60.16,62.3 1 0
github.com/gidyon/services/internal/messaging/push/push.go:66.16,68.3 1 0
github.com/gidyon/services/internal/messaging/push/push.go:84.25,86.20 1 6
github.com/gidyon/services/internal/messaging/push/push.go:91.2,92.16 2 5
github.com/gidyon/services/internal/messaging/push/push.go:97.2,98.16 2 5
github.com/gidyon/services/internal/messaging/push/push.go:103.2,104.43 2 1
github.com/gidyon/services/internal/messaging/push/push.go:109.2,109.12 1 1
github.com/gidyon/services/internal/messaging/push/push.go:123.2,123.21 1 1
github.com/gidyon/services/internal/messaging/push/push.go:86.20,88.3 1 1
github.com/gidyon/services/internal/messaging/push/push.go:92.16,94.3 1 0
github.com/gidyon/services/internal/messaging/push/push.go:98.16,100.3 1 4
github.com/gidyon/services/internal/messaging/push/push.go:104.43,106.3 1 1
github.com/gidyon/services/internal/messaging/push/push.go:109.12,118.17 2 1
github.com/gidyon/services/internal/messaging/push/push.go:118.17,120.4 1 0
github.com/gidyon/services/internal/messaging/push/push.go:126.59,128.9 2 5
github.com/gidyon/services/internal/messaging/push/push.go:138.2,138.12 1 5
github.com/gidyon/services/internal/messaging/push/push.go:129.38,130.43 1 1
github.com/gidyon/services/internal/messaging/push/push.go:131.27,132.35 1 1
github.com/gidyon/services/internal/messaging/push/push.go:133.29,134.37 1 1
github.com/gidyon/services/internal/messaging/push/push.go:135.33,136.37 1 1
