mode: atomic
github.com/gidyon/services/internal/operation/operation.go:40.102,43.9 2 6
github.com/gidyon/services/internal/operation/operation.go:55.2,55.16 1 6
github.com/gidyon/services/internal/operation/operation.go:59.2,60.16 2 1
github.com/gidyon/services/internal/operation/operation.go:64.2,65.16 2 1
github.com/gidyon/services/internal/operation/operation.go:69.2,76.26 2 1
github.com/gidyon/services/internal/operation/operation.go:44.18,45.34 1 1
github.com/gidyon/services/internal/operation/operation.go:46.18,47.34 1 1
github.com/gidyon/services/internal/operation/operation.go:48.30,49.39 1 1
github.com/gidyon/services/internal/operation/operation.go:50.25,51.33 1 1
github.com/gidyon/services/internal/operation/operation.go:52.32,53.34 1 1
github.com/gidyon/services/internal/operation/operation.go:55.16,57.3 1 5
github.com/gidyon/services/internal/operation/operation.go:60.16,62.3 1 0
github.com/gidyon/services/internal/operation/operation.go:65.16,67.3 1 0
github.com/gidyon/services/internal/operation/operation.go:79.55,81.9 2 27
github.com/gidyon/services/internal/operation/operation.go:91.2,91.12 1 27
github.com/gidyon/services/internal/operation/operation.go:82.17,83.36 1 1
github.com/gidyon/services/internal/operation/operation.go:84.23,85.37 1 1
github.com/gidyon/services/internal/operation/operation.go:86.24,87.47 1 1
github.com/gidyon/services/internal/operation/operation.go:88.75,89.46 1 1
github.com/gidyon/services/internal/operation/operation.go:94.42,96.2 1 38
github.com/gidyon/services/internal/operation/operation.go:98.41,100.2 1 57
github.com/gidyon/services/internal/operation/operation.go:102.108,105.16 2 23
github.com/gidyon/services/internal/operation/operation.go:109.2,113.16 3 23
github.com/gidyon/services/internal/operation/operation.go:118.2,119.16 2 23
github.com/gidyon/services/internal/operation/operation.go:124.2,125.16 2 23
github.com/gidyon/services/internal/operation/operation.go:129.2,129.12 1 23
github.com/gidyon/services/internal/operation/operation.go:105.16,107.3 1 0
github.com/gidyon/services/internal/operation/operation.go:113.16,115.3 1 0
github.com/gidyon/services/internal/operation/operation.go:119.16,121.3 1 0
github.com/gidyon/services/internal/operation/operation.go:125.16,127.3 1 0
github.com/gidyon/services/internal/operation/operation.go:134.33,137.16 2 28
github.com/gidyon/services/internal/operation/operation.go:142.2,142.9 1 28
github.com/gidyon/services/internal/operation/operation.go:152.2,155.16 3 23
github.com/gidyon/services/internal/operation/operation.go:159.2,159.33 1 23
github.com/gidyon/services/internal/operation/operation.go:137.16,139.3 1 0
github.com/gidyon/services/internal/operation/operation.go:143.24,144.55 1 1
github.com/gidyon/services/internal/operation/operation.go:145.10,147.17 2 27
github.com/gidyon/services/internal/operation/operation.go:147.17,149.4 1 4
github.com/gidyon/services/internal/operation/operation.go:155.16,157.3 1 0
github.com/gidyon/services/internal/operation/operation.go:164.33,167.16 2 6
github.com/gidyon/services/internal/operation/operation.go:172.2,172.9 1 6
github.com/gidyon/services/internal/operation/operation.go:182.2,182.16 1 5
github.com/gidyon/services/internal/operation/operation.go:187.2,188.9 2 2
github.com/gidyon/services/internal/operation/operation.go:196.2,200.16 3 1
github.com/gidyon/services/internal/operation/operation.go:204.2,209.16 4 1
github.com/gidyon/services/internal/operation/operation.go:214.2,215.16 2 1
github.com/gidyon/services/internal/operation/operation.go:219.2,219.18 1 1
github.com/gidyon/services/internal/operation/operation.go:167.16,169.3 1 0
github.com/gidyon/services/internal/operation/operation.go:173.24,174.55 1 1
github.com/gidyon/services/internal/operation/operation.go:175.35,176.42 1 1
github.com/gidyon/services/internal/operation/operation.go:177.30,178.46 1 1
github.com/gidyon/services/internal/operation/operation.go:179.82,180.46 1 1
github.com/gidyon/services/internal/operation/operation.go:182.16,184.3 1 3
github.com/gidyon/services/internal/operation/operation.go:189.18,189.18 0 1
github.com/gidyon/services/internal/operation/operation.go:190.33,191.105 1 1
github.com/gidyon/services/internal/operation/operation.go:192.10,193.46 1 0
github.com/gidyon/services/internal/operation/operation.go:200.16,202.3 1 0
github.com/gidyon/services/internal/operation/operation.go:209.16,211.3 1 0
github.com/gidyon/services/internal/operation/operation.go:215.16,217.3 1 0
github.com/gidyon/services/internal/operation/operation.go:224.25,227.16 2 7
github.com/gidyon/services/internal/operation/operation.go:232.2,232.9 1 7
github.com/gidyon/services/internal/operation/operation.go:240.2,240.16 1 6
github.com/gidyon/services/internal/operation/operation.go:244.2,245.16 2 4
github.com/gidyon/services/internal/operation/operation.go:249.2,249.25 1 4
github.com/gidyon/services/internal/operation/operation.go:255.2,256.16 2 4
github.com/gidyon/services/internal/operation/operation.go:260.2,261.16 2 4
github.com/gidyon/services/internal/operation/operation.go:265.2,265.18 1 4
github.com/gidyon/services/internal/operation/operation.go:272.2,272.30 1 4
github.com/gidyon/services/internal/operation/operation.go:227.16,229.3 1 0
github.com/gidyon/services/internal/operation/operation.go:233.21,234.55 1 1
github.com/gidyon/services/internal/operation/operation.go:235.27,236.37 1 1
github.com/gidyon/services/internal/operation/operation.go:237.32,238.42 1 1
github.com/gidyon/services/internal/operation/operation.go:240.16,242.3 1 2
github.com/gidyon/services/internal/operation/operation.go:245.16,247.3 1 0
github.com/gidyon/services/internal/operation/operation.go:249.25,250.31 1 19
github.com/gidyon/services/internal/operation/operation.go:250.31,252.4 1 1
github.com/gidyon/services/internal/operation/operation.go:256.16,258.3 1 0
github.com/gidyon/services/internal/operation/operation.go:261.16,263.3 1 0
github.com/gidyon/services/internal/operation/operation.go:265.18,267.17 2 2
github.com/gidyon/services/internal/operation/operation.go:267.17,269.4 1 0
github.com/gidyon/services/internal/operation/operation.go:279.46,282.16 2 6
github.com/gidyon/services/internal/operation/operation.go:286.2,289.9 2 6
github.com/gidyon/services/internal/operation/operation.go:296.2,297.49 2 4
github.com/gidyon/services/internal/operation/operation.go:301.2,303.21 3 4
github.com/gidyon/services/internal/operation/operation.go:312.2,313.16 2 3
github.com/gidyon/services/internal/operation/operation.go:317.2,319.29 2 3
github.com/gidyon/services/internal/operation/operation.go:336.2,337.40 2 3
github.com/gidyon/services/internal/operation/operation.go:345.2,348.8 1 3
github.com/gidyon/services/internal/operation/operation.go:282.16,284.3 1 0
github.com/gidyon/services/internal/operation/operation.go:290.22,291.54 1 1
github.com/gidyon/services/internal/operation/operation.go:292.20,293.43 1 1
github.com/gidyon/services/internal/operation/operation.go:297.49,299.3 1 1
github.com/gidyon/services/internal/operation/operation.go:303.21,305.17 2 1
github.com/gidyon/services/internal/operation/operation.go:308.3,308.21 1 0
github.com/gidyon/services/internal/operation/operation.go:305.17,307.4 1 1
github.com/gidyon/services/internal/operation/operation.go:313.16,315.3 1 0
github.com/gidyon/services/internal/operation/operation.go:319.29,322.17 2 20
github.com/gidyon/services/internal/operation/operation.go:326.3,329.17 3 20
github.com/gidyon/services/internal/operation/operation.go:333.3,333.44 1 20
github.com/gidyon/services/internal/operation/operation.go:322.17,324.4 1 0
github.com/gidyon/services/internal/operation/operation.go:329.17,331.4 1 0
github.com/gidyon/services/internal/operation/operation.go:337.40,340.17 2 1
github.com/gidyon/services/internal/operation/operation.go:340.17,342.4 1 0
github.com/gidyon/services/internal/operation/operation.go:353.33,356.16 2 4
github.com/gidyon/services/internal/operation/operation.go:361.2,361.9 1 4
github.com/gidyon/services/internal/operation/operation.go:367.2,367.16 1 3
github.com/gidyon/services/internal/operation/operation.go:372.2,373.9 2 2
github.com/gidyon/services/internal/operation/operation.go:381.2,384.16 3 1
github.com/gidyon/services/internal/operation/operation.go:388.2,388.18 1 1
github.com/gidyon/services/internal/operation/operation.go:356.16,358.3 1 0
github.com/gidyon/services/internal/operation/operation.go:362.21,363.52 1 1
github.com/gidyon/services/internal/operation/operation.go:364.32,365.42 1 1
github.com/gidyon/services/internal/operation/operation.go:367.16,369.3 1 1
github.com/gidyon/services/internal/operation/operation.go:374.18,374.18 0 1
github.com/gidyon/services/internal/operation/operation.go:375.33,376.102 1 1
github.com/gidyon/services/internal/operation/operation.go:377.10,378.46 1 0
github.com/gidyon/services/internal/operation/operation.go:384.16,386.3 1 0
