mode: atomic
github.com/gidyon/services/internal/operation/operation.go:38.54,44.2 4 1
github.com/gidyon/services/internal/operation/operation.go:47.102,50.9 2 6
github.com/gidyon/services/internal/operation/operation.go:62.2,62.16 1 6
github.com/gidyon/services/internal/operation/operation.go:66.2,67.16 2 1
github.com/gidyon/services/internal/operation/operation.go:71.2,72.16 2 1
github.com/gidyon/services/internal/operation/operation.go:76.2,83.26 2 1
github.com/gidyon/services/internal/operation/operation.go:51.18,52.34 1 1
github.com/gidyon/services/internal/operation/operation.go:53.18,54.34 1 1
github.com/gidyon/services/internal/operation/operation.go:55.30,56.39 1 1
github.com/gidyon/services/internal/operation/operation.go:57.25,58.33 1 1
github.com/gidyon/services/internal/operation/operation.go:59.32,60.34 1 1
github.com/gidyon/services/internal/operation/operation.go:62.16,64.3 1 5
github.com/gidyon/services/internal/operation/operation.go:67.16,69.3 1 0
github.com/gidyon/services/internal/operation/operation.go:72.16,74.3 1 0
github.com/gidyon/services/internal/operation/operation.go:86.55,88.9 2 27
github.com/gidyon/services/internal/operation/operation.go:98.2,98.12 1 27
github.com/gidyon/services/internal/operation/operation.go:89.17,90.36 1 1
github.com/gidyon/services/internal/operation/operation.go:91.23,92.37 1 1
github.com/gidyon/services/internal/operation/operation.go:93.24,94.47 1 1
github.com/gidyon/services/internal/operation/operation.go:95.71,96.46 1 1
github.com/gidyon/services/internal/operation/operation.go:101.42,103.2 1 38
github.com/gidyon/services/internal/operation/operation.go:105.41,107.2 1 57
github.com/gidyon/services/internal/operation/operation.go:109.108,112.16 2 23
github.com/gidyon/services/internal/operation/operation.go:116.2,120.16 3 23
github.com/gidyon/services/internal/operation/operation.go:125.2,126.16 2 23
github.com/gidyon/services/internal/operation/operation.go:131.2,132.16 2 23
github.com/gidyon/services/internal/operation/operation.go:136.2,136.12 1 23
github.com/gidyon/services/internal/operation/operation.go:112.16,114.3 1 0
github.com/gidyon/services/internal/operation/operation.go:120.16,122.3 1 0
github.com/gidyon/services/internal/operation/operation.go:126.16,128.3 1 0
github.com/gidyon/services/internal/operation/operation.go:132.16,134.3 1 0
github.com/gidyon/services/internal/operation/operation.go:141.33,143.22 1 28
github.com/gidyon/services/internal/operation/operation.go:148.2,149.16 2 27
github.com/gidyon/services/internal/operation/operation.go:154.2,155.16 2 27
github.com/gidyon/services/internal/operation/operation.go:159.2,162.16 3 23
github.com/gidyon/services/internal/operation/operation.go:166.2,166.33 1 23
github.com/gidyon/services/internal/operation/operation.go:143.22,145.3 1 1
github.com/gidyon/services/internal/operation/operation.go:149.16,151.3 1 0
github.com/gidyon/services/internal/operation/operation.go:155.16,157.3 1 4
github.com/gidyon/services/internal/operation/operation.go:162.16,164.3 1 0
github.com/gidyon/services/internal/operation/operation.go:171.33,173.22 1 6
github.com/gidyon/services/internal/operation/operation.go:178.2,179.16 2 5
github.com/gidyon/services/internal/operation/operation.go:184.2,184.9 1 5
github.com/gidyon/services/internal/operation/operation.go:192.2,192.16 1 5
github.com/gidyon/services/internal/operation/operation.go:197.2,198.9 2 2
github.com/gidyon/services/internal/operation/operation.go:206.2,210.16 3 1
github.com/gidyon/services/internal/operation/operation.go:214.2,219.16 4 1
github.com/gidyon/services/internal/operation/operation.go:224.2,225.16 2 1
github.com/gidyon/services/internal/operation/operation.go:229.2,229.18 1 1
github.com/gidyon/services/internal/operation/operation.go:173.22,175.3 1 1
github.com/gidyon/services/internal/operation/operation.go:179.16,181.3 1 0
github.com/gidyon/services/internal/operation/operation.go:185.35,186.42 1 1
github.com/gidyon/services/internal/operation/operation.go:187.30,188.46 1 1
github.com/gidyon/services/internal/operation/operation.go:189.78,190.46 1 1
github.com/gidyon/services/internal/operation/operation.go:192.16,194.3 1 3
github.com/gidyon/services/internal/operation/operation.go:199.18,199.18 0 1
github.com/gidyon/services/internal/operation/operation.go:200.33,201.105 1 1
github.com/gidyon/services/internal/operation/operation.go:202.10,203.46 1 0
github.com/gidyon/services/internal/operation/operation.go:210.16,212.3 1 0
github.com/gidyon/services/internal/operation/operation.go:219.16,221.3 1 0
github.com/gidyon/services/internal/operation/operation.go:225.16,227.3 1 0
github.com/gidyon/services/internal/operation/operation.go:234.25,236.19 1 7
github.com/gidyon/services/internal/operation/operation.go:241.2,242.16 2 6
github.com/gidyon/services/internal/operation/operation.go:247.2,247.9 1 6
github.com/gidyon/services/internal/operation/operation.go:253.2,253.16 1 6
github.com/gidyon/services/internal/operation/operation.go:257.2,258.16 2 4
github.com/gidyon/services/internal/operation/operation.go:262.2,262.25 1 4
github.com/gidyon/services/internal/operation/operation.go:268.2,269.16 2 4
github.com/gidyon/services/internal/operation/operation.go:273.2,274.16 2 4
github.com/gidyon/services/internal/operation/operation.go:278.2,278.18 1 4
github.com/gidyon/services/internal/operation/operation.go:285.2,285.30 1 4
github.com/gidyon/services/internal/operation/operation.go:236.19,238.3 1 1
github.com/gidyon/services/internal/operation/operation.go:242.16,244.3 1 0
github.com/gidyon/services/internal/operation/operation.go:248.27,249.37 1 1
github.com/gidyon/services/internal/operation/operation.go:250.32,251.42 1 1
github.com/gidyon/services/internal/operation/operation.go:253.16,255.3 1 2
github.com/gidyon/services/internal/operation/operation.go:258.16,260.3 1 0
github.com/gidyon/services/internal/operation/operation.go:262.25,263.31 1 19
github.com/gidyon/services/internal/operation/operation.go:263.31,265.4 1 1
github.com/gidyon/services/internal/operation/operation.go:269.16,271.3 1 0
github.com/gidyon/services/internal/operation/operation.go:274.16,276.3 1 0
github.com/gidyon/services/internal/operation/operation.go:278.18,280.17 2 2
github.com/gidyon/services/internal/operation/operation.go:280.17,282.4 1 0
github.com/gidyon/services/internal/operation/operation.go:292.46,294.20 1 6
github.com/gidyon/services/internal/operation/operation.go:299.2,300.16 2 5
github.com/gidyon/services/internal/operation/operation.go:305.2,305.9 1 5
github.com/gidyon/services/internal/operation/operation.go:309.2,309.16 1 5
github.com/gidyon/services/internal/operation/operation.go:313.2,314.49 2 4
github.com/gidyon/services/internal/operation/operation.go:318.2,320.21 3 4
github.com/gidyon/services/internal/operation/operation.go:329.2,330.16 2 3
github.com/gidyon/services/internal/operation/operation.go:334.2,336.29 2 3
github.com/gidyon/services/internal/operation/operation.go:353.2,354.40 2 3
github.com/gidyon/services/internal/operation/operation.go:362.2,365.8 1 3
github.com/gidyon/services/internal/operation/operation.go:294.20,296.3 1 1
github.com/gidyon/services/internal/operation/operation.go:300.16,302.3 1 0
github.com/gidyon/services/internal/operation/operation.go:306.28,307.37 1 1
github.com/gidyon/services/internal/operation/operation.go:309.16,311.3 1 1
github.com/gidyon/services/internal/operation/operation.go:314.49,316.3 1 1
github.com/gidyon/services/internal/operation/operation.go:320.21,322.17 2 1
github.com/gidyon/services/internal/operation/operation.go:325.3,325.21 1 0
github.com/gidyon/services/internal/operation/operation.go:322.17,324.4 1 1
github.com/gidyon/services/internal/operation/operation.go:330.16,332.3 1 0
github.com/gidyon/services/internal/operation/operation.go:336.29,339.17 2 20
github.com/gidyon/services/internal/operation/operation.go:343.3,346.17 3 20
github.com/gidyon/services/internal/operation/operation.go:350.3,350.44 1 20
github.com/gidyon/services/internal/operation/operation.go:339.17,341.4 1 0
github.com/gidyon/services/internal/operation/operation.go:346.17,348.4 1 0
github.com/gidyon/services/internal/operation/operation.go:354.40,357.17 2 1
github.com/gidyon/services/internal/operation/operation.go:357.17,359.4 1 0
github.com/gidyon/services/internal/operation/operation.go:370.33,372.19 1 4
github.com/gidyon/services/internal/operation/operation.go:377.2,378.16 2 3
github.com/gidyon/services/internal/operation/operation.go:383.2,383.9 1 3
github.com/gidyon/services/internal/operation/operation.go:387.2,387.16 1 3
github.com/gidyon/services/internal/operation/operation.go:392.2,393.9 2 2
github.com/gidyon/services/internal/operation/operation.go:401.2,404.16 3 1
github.com/gidyon/services/internal/operation/operation.go:408.2,408.18 1 1
github.com/gidyon/services/internal/operation/operation.go:372.19,374.3 1 1
github.com/gidyon/services/internal/operation/operation.go:378.16,380.3 1 0
github.com/gidyon/services/internal/operation/operation.go:384.32,385.42 1 1
github.com/gidyon/services/internal/operation/operation.go:387.16,389.3 1 1
github.com/gidyon/services/internal/operation/operation.go:394.18,394.18 0 1
github.com/gidyon/services/internal/operation/operation.go:395.33,396.102 1 1
github.com/gidyon/services/internal/operation/operation.go:397.10,398.46 1 0
github.com/gidyon/services/internal/operation/operation.go:404.16,406.3 1 0
