mode: atomic
github.com/gidyon/services/internal/channel/channel.go:44.37,47.9 2 8
github.com/gidyon/services/internal/channel/channel.go:61.2,61.16 1 8
github.com/gidyon/services/internal/channel/channel.go:66.2,67.16 2 2
github.com/gidyon/services/internal/channel/channel.go:72.2,73.16 2 2
github.com/gidyon/services/internal/channel/channel.go:77.2,86.16 3 2
github.com/gidyon/services/internal/channel/channel.go:90.2,90.24 1 2
github.com/gidyon/services/internal/channel/channel.go:48.18,49.34 1 1
github.com/gidyon/services/internal/channel/channel.go:50.18,51.34 1 1
github.com/gidyon/services/internal/channel/channel.go:52.30,53.40 1 1
github.com/gidyon/services/internal/channel/channel.go:54.29,55.39 1 1
github.com/gidyon/services/internal/channel/channel.go:56.25,57.33 1 1
github.com/gidyon/services/internal/channel/channel.go:58.32,59.45 1 1
github.com/gidyon/services/internal/channel/channel.go:61.16,63.3 1 6
github.com/gidyon/services/internal/channel/channel.go:67.16,69.3 1 0
github.com/gidyon/services/internal/channel/channel.go:73.16,75.3 1 0
github.com/gidyon/services/internal/channel/channel.go:86.16,88.3 1 0
github.com/gidyon/services/internal/channel/channel.go:95.43,98.16 2 12
github.com/gidyon/services/internal/channel/channel.go:103.2,104.9 2 12
github.com/gidyon/services/internal/channel/channel.go:117.2,120.16 3 7
github.com/gidyon/services/internal/channel/channel.go:125.2,126.9 2 7
github.com/gidyon/services/internal/channel/channel.go:132.2,134.8 1 7
github.com/gidyon/services/internal/channel/channel.go:98.16,100.3 1 0
github.com/gidyon/services/internal/channel/channel.go:105.24,106.53 1 1
github.com/gidyon/services/internal/channel/channel.go:107.24,108.40 1 1
github.com/gidyon/services/internal/channel/channel.go:109.50,110.44 1 1
github.com/gidyon/services/internal/channel/channel.go:111.48,112.49 1 1
github.com/gidyon/services/internal/channel/channel.go:113.54,114.55 1 1
github.com/gidyon/services/internal/channel/channel.go:120.16,122.3 1 0
github.com/gidyon/services/internal/channel/channel.go:127.18,127.18 0 7
github.com/gidyon/services/internal/channel/channel.go:128.10,129.56 1 0
github.com/gidyon/services/internal/channel/channel.go:139.25,142.16 2 7
github.com/gidyon/services/internal/channel/channel.go:147.2,148.9 2 7
github.com/gidyon/services/internal/channel/channel.go:162.2,163.16 2 3
github.com/gidyon/services/internal/channel/channel.go:168.2,170.9 2 3
github.com/gidyon/services/internal/channel/channel.go:176.2,176.28 1 3
github.com/gidyon/services/internal/channel/channel.go:142.16,144.3 1 0
github.com/gidyon/services/internal/channel/channel.go:149.24,150.53 1 1
github.com/gidyon/services/internal/channel/channel.go:151.32,152.40 1 1
github.com/gidyon/services/internal/channel/channel.go:153.34,154.46 1 1
github.com/gidyon/services/internal/channel/channel.go:155.10,157.17 2 4
github.com/gidyon/services/internal/channel/channel.go:157.17,159.4 1 1
github.com/gidyon/services/internal/channel/channel.go:163.16,165.3 1 0
github.com/gidyon/services/internal/channel/channel.go:171.18,171.18 0 3
github.com/gidyon/services/internal/channel/channel.go:172.10,173.56 1 0
github.com/gidyon/services/internal/channel/channel.go:181.25,184.16 2 4
github.com/gidyon/services/internal/channel/channel.go:189.2,190.9 2 4
github.com/gidyon/services/internal/channel/channel.go:203.2,204.16 2 1
github.com/gidyon/services/internal/channel/channel.go:208.2,208.28 1 1
github.com/gidyon/services/internal/channel/channel.go:184.16,186.3 1 0
github.com/gidyon/services/internal/channel/channel.go:191.21,192.53 1 1
github.com/gidyon/services/internal/channel/channel.go:193.23,194.46 1 1
github.com/gidyon/services/internal/channel/channel.go:195.10,197.17 2 2
github.com/gidyon/services/internal/channel/channel.go:197.17,199.4 1 1
github.com/gidyon/services/internal/channel/channel.go:204.16,206.3 1 0
github.com/gidyon/services/internal/channel/channel.go:215.42,217.20 1 4
github.com/gidyon/services/internal/channel/channel.go:222.2,223.16 2 3
github.com/gidyon/services/internal/channel/channel.go:227.2,228.49 2 3
github.com/gidyon/services/internal/channel/channel.go:232.2,234.21 3 3
github.com/gidyon/services/internal/channel/channel.go:242.2,245.13 3 2
github.com/gidyon/services/internal/channel/channel.go:249.2,250.9 2 2
github.com/gidyon/services/internal/channel/channel.go:256.2,258.39 2 2
github.com/gidyon/services/internal/channel/channel.go:267.2,268.38 2 2
github.com/gidyon/services/internal/channel/channel.go:276.2,279.8 1 2
github.com/gidyon/services/internal/channel/channel.go:217.20,219.3 1 1
github.com/gidyon/services/internal/channel/channel.go:223.16,225.3 1 0
github.com/gidyon/services/internal/channel/channel.go:228.49,230.3 1 2
github.com/gidyon/services/internal/channel/channel.go:234.21,236.17 2 1
github.com/gidyon/services/internal/channel/channel.go:239.3,239.20 1 0
github.com/gidyon/services/internal/channel/channel.go:236.17,238.4 1 1
github.com/gidyon/services/internal/channel/channel.go:245.13,247.3 1 0
github.com/gidyon/services/internal/channel/channel.go:251.18,251.18 0 2
github.com/gidyon/services/internal/channel/channel.go:252.10,253.47 1 0
github.com/gidyon/services/internal/channel/channel.go:258.39,260.17 2 30
github.com/gidyon/services/internal/channel/channel.go:263.3,264.20 2 30
github.com/gidyon/services/internal/channel/channel.go:260.17,262.4 1 0
github.com/gidyon/services/internal/channel/channel.go:268.38,271.17 2 2
github.com/gidyon/services/internal/channel/channel.go:271.17,273.4 1 0
github.com/gidyon/services/internal/channel/channel.go:284.29,287.16 2 11
github.com/gidyon/services/internal/channel/channel.go:292.2,293.9 2 11
github.com/gidyon/services/internal/channel/channel.go:305.2,308.9 3 8
github.com/gidyon/services/internal/channel/channel.go:316.2,317.16 2 6
github.com/gidyon/services/internal/channel/channel.go:321.2,321.23 1 6
github.com/gidyon/services/internal/channel/channel.go:287.16,289.3 1 0
github.com/gidyon/services/internal/channel/channel.go:294.21,295.50 1 1
github.com/gidyon/services/internal/channel/channel.go:296.23,297.46 1 1
github.com/gidyon/services/internal/channel/channel.go:298.10,300.17 2 9
github.com/gidyon/services/internal/channel/channel.go:300.17,302.4 1 1
github.com/gidyon/services/internal/channel/channel.go:309.18,309.18 0 6
github.com/gidyon/services/internal/channel/channel.go:310.46,311.54 1 2
github.com/gidyon/services/internal/channel/channel.go:312.10,313.47 1 0
github.com/gidyon/services/internal/channel/channel.go:317.16,319.3 1 0
github.com/gidyon/services/internal/channel/channel.go:326.25,329.16 2 43
github.com/gidyon/services/internal/channel/channel.go:334.2,335.9 2 43
github.com/gidyon/services/internal/channel/channel.go:348.2,350.16 2 40
github.com/gidyon/services/internal/channel/channel.go:354.2,354.28 1 40
github.com/gidyon/services/internal/channel/channel.go:329.16,331.3 1 0
github.com/gidyon/services/internal/channel/channel.go:336.21,337.51 1 1
github.com/gidyon/services/internal/channel/channel.go:338.23,339.46 1 1
github.com/gidyon/services/internal/channel/channel.go:340.10,342.17 2 41
github.com/gidyon/services/internal/channel/channel.go:342.17,344.4 1 1
github.com/gidyon/services/internal/channel/channel.go:350.16,352.3 1 0
github.com/gidyon/services/internal/channel/channel.go:359.25,362.16 2 13
github.com/gidyon/services/internal/channel/channel.go:367.2,368.9 2 13
github.com/gidyon/services/internal/channel/channel.go:381.2,383.16 2 10
github.com/gidyon/services/internal/channel/channel.go:387.2,387.28 1 10
github.com/gidyon/services/internal/channel/channel.go:362.16,364.3 1 0
github.com/gidyon/services/internal/channel/channel.go:369.21,370.51 1 1
github.com/gidyon/services/internal/channel/channel.go:371.23,372.46 1 1
github.com/gidyon/services/internal/channel/channel.go:373.10,375.17 2 11
github.com/gidyon/services/internal/channel/channel.go:375.17,377.4 1 1
github.com/gidyon/services/internal/channel/channel.go:383.16,385.3 1 0
github.com/gidyon/services/internal/channel/model.go:22.36,24.2 1 1
github.com/gidyon/services/internal/channel/model.go:27.65,37.2 2 36
github.com/gidyon/services/internal/channel/model.go:40.65,49.2 2 10
