mode: atomic
github.com/gidyon/services/internal/channel/channel.go:43.37,46.9 2 9
github.com/gidyon/services/internal/channel/channel.go:62.2,62.16 1 9
github.com/gidyon/services/internal/channel/channel.go:66.2,72.61 2 2
github.com/gidyon/services/internal/channel/channel.go:79.2,79.24 1 2
github.com/gidyon/services/internal/channel/channel.go:47.18,48.34 1 1
github.com/gidyon/services/internal/channel/channel.go:49.18,50.34 1 1
github.com/gidyon/services/internal/channel/channel.go:51.30,52.40 1 1
github.com/gidyon/services/internal/channel/channel.go:53.29,54.39 1 1
github.com/gidyon/services/internal/channel/channel.go:55.25,56.33 1 1
github.com/gidyon/services/internal/channel/channel.go:57.35,58.47 1 1
github.com/gidyon/services/internal/channel/channel.go:59.26,60.48 1 1
github.com/gidyon/services/internal/channel/channel.go:62.16,64.3 1 7
github.com/gidyon/services/internal/channel/channel.go:72.61,74.17 2 0
github.com/gidyon/services/internal/channel/channel.go:74.17,76.4 1 0
github.com/gidyon/services/internal/channel/channel.go:84.43,87.16 2 12
github.com/gidyon/services/internal/channel/channel.go:92.2,93.9 2 12
github.com/gidyon/services/internal/channel/channel.go:106.2,109.16 3 7
github.com/gidyon/services/internal/channel/channel.go:114.2,115.9 2 7
github.com/gidyon/services/internal/channel/channel.go:121.2,123.8 1 7
github.com/gidyon/services/internal/channel/channel.go:87.16,89.3 1 0
github.com/gidyon/services/internal/channel/channel.go:94.24,95.53 1 1
github.com/gidyon/services/internal/channel/channel.go:96.24,97.40 1 1
github.com/gidyon/services/internal/channel/channel.go:98.50,99.44 1 1
github.com/gidyon/services/internal/channel/channel.go:100.48,101.49 1 1
github.com/gidyon/services/internal/channel/channel.go:102.54,103.55 1 1
github.com/gidyon/services/internal/channel/channel.go:109.16,111.3 1 0
github.com/gidyon/services/internal/channel/channel.go:116.18,116.18 0 7
github.com/gidyon/services/internal/channel/channel.go:117.10,118.56 1 0
github.com/gidyon/services/internal/channel/channel.go:128.25,131.16 2 7
github.com/gidyon/services/internal/channel/channel.go:136.2,137.9 2 7
github.com/gidyon/services/internal/channel/channel.go:151.2,152.16 2 3
github.com/gidyon/services/internal/channel/channel.go:157.2,159.9 2 3
github.com/gidyon/services/internal/channel/channel.go:165.2,165.28 1 3
github.com/gidyon/services/internal/channel/channel.go:131.16,133.3 1 0
github.com/gidyon/services/internal/channel/channel.go:138.24,139.53 1 1
github.com/gidyon/services/internal/channel/channel.go:140.32,141.40 1 1
github.com/gidyon/services/internal/channel/channel.go:142.34,143.46 1 1
github.com/gidyon/services/internal/channel/channel.go:144.10,146.17 2 4
github.com/gidyon/services/internal/channel/channel.go:146.17,148.4 1 1
github.com/gidyon/services/internal/channel/channel.go:152.16,154.3 1 0
github.com/gidyon/services/internal/channel/channel.go:160.18,160.18 0 3
github.com/gidyon/services/internal/channel/channel.go:161.10,162.56 1 0
github.com/gidyon/services/internal/channel/channel.go:170.25,173.16 2 4
github.com/gidyon/services/internal/channel/channel.go:178.2,179.9 2 4
github.com/gidyon/services/internal/channel/channel.go:192.2,193.16 2 1
github.com/gidyon/services/internal/channel/channel.go:197.2,197.28 1 1
github.com/gidyon/services/internal/channel/channel.go:173.16,175.3 1 0
github.com/gidyon/services/internal/channel/channel.go:180.21,181.53 1 1
github.com/gidyon/services/internal/channel/channel.go:182.23,183.46 1 1
github.com/gidyon/services/internal/channel/channel.go:184.10,186.17 2 2
github.com/gidyon/services/internal/channel/channel.go:186.17,188.4 1 1
github.com/gidyon/services/internal/channel/channel.go:193.16,195.3 1 0
github.com/gidyon/services/internal/channel/channel.go:204.42,206.20 1 4
github.com/gidyon/services/internal/channel/channel.go:211.2,212.16 2 3
github.com/gidyon/services/internal/channel/channel.go:216.2,217.49 2 3
github.com/gidyon/services/internal/channel/channel.go:221.2,223.21 3 3
github.com/gidyon/services/internal/channel/channel.go:231.2,234.13 3 2
github.com/gidyon/services/internal/channel/channel.go:238.2,239.9 2 2
github.com/gidyon/services/internal/channel/channel.go:245.2,247.39 2 2
github.com/gidyon/services/internal/channel/channel.go:256.2,257.38 2 2
github.com/gidyon/services/internal/channel/channel.go:265.2,268.8 1 2
github.com/gidyon/services/internal/channel/channel.go:206.20,208.3 1 1
github.com/gidyon/services/internal/channel/channel.go:212.16,214.3 1 0
github.com/gidyon/services/internal/channel/channel.go:217.49,219.3 1 2
github.com/gidyon/services/internal/channel/channel.go:223.21,225.17 2 1
github.com/gidyon/services/internal/channel/channel.go:228.3,228.20 1 0
github.com/gidyon/services/internal/channel/channel.go:225.17,227.4 1 1
github.com/gidyon/services/internal/channel/channel.go:234.13,236.3 1 0
github.com/gidyon/services/internal/channel/channel.go:240.18,240.18 0 2
github.com/gidyon/services/internal/channel/channel.go:241.10,242.51 1 0
github.com/gidyon/services/internal/channel/channel.go:247.39,249.17 2 28
github.com/gidyon/services/internal/channel/channel.go:252.3,253.20 2 28
github.com/gidyon/services/internal/channel/channel.go:249.17,251.4 1 0
github.com/gidyon/services/internal/channel/channel.go:257.38,260.17 2 1
github.com/gidyon/services/internal/channel/channel.go:260.17,262.4 1 0
github.com/gidyon/services/internal/channel/channel.go:273.29,276.16 2 11
github.com/gidyon/services/internal/channel/channel.go:281.2,282.9 2 11
github.com/gidyon/services/internal/channel/channel.go:294.2,297.9 3 8
github.com/gidyon/services/internal/channel/channel.go:305.2,306.16 2 6
github.com/gidyon/services/internal/channel/channel.go:310.2,310.23 1 6
github.com/gidyon/services/internal/channel/channel.go:276.16,278.3 1 0
github.com/gidyon/services/internal/channel/channel.go:283.21,284.50 1 1
github.com/gidyon/services/internal/channel/channel.go:285.23,286.46 1 1
github.com/gidyon/services/internal/channel/channel.go:287.10,289.17 2 9
github.com/gidyon/services/internal/channel/channel.go:289.17,291.4 1 1
github.com/gidyon/services/internal/channel/channel.go:298.18,298.18 0 6
github.com/gidyon/services/internal/channel/channel.go:299.46,300.54 1 2
github.com/gidyon/services/internal/channel/channel.go:301.10,302.48 1 0
github.com/gidyon/services/internal/channel/channel.go:306.16,308.3 1 0
github.com/gidyon/services/internal/channel/channel.go:315.25,318.16 2 42
github.com/gidyon/services/internal/channel/channel.go:323.2,323.9 1 42
github.com/gidyon/services/internal/channel/channel.go:331.2,333.16 2 40
github.com/gidyon/services/internal/channel/channel.go:337.2,337.28 1 40
github.com/gidyon/services/internal/channel/channel.go:318.16,320.3 1 0
github.com/gidyon/services/internal/channel/channel.go:324.21,325.51 1 1
github.com/gidyon/services/internal/channel/channel.go:326.37,327.49 1 1
github.com/gidyon/services/internal/channel/channel.go:333.16,335.3 1 0
github.com/gidyon/services/internal/channel/channel.go:342.25,345.16 2 12
github.com/gidyon/services/internal/channel/channel.go:350.2,350.9 1 12
github.com/gidyon/services/internal/channel/channel.go:358.2,360.16 2 10
github.com/gidyon/services/internal/channel/channel.go:364.2,364.28 1 10
github.com/gidyon/services/internal/channel/channel.go:345.16,347.3 1 0
github.com/gidyon/services/internal/channel/channel.go:351.21,352.50 1 1
github.com/gidyon/services/internal/channel/channel.go:353.37,354.49 1 1
github.com/gidyon/services/internal/channel/channel.go:360.16,362.3 1 0
github.com/gidyon/services/internal/channel/model.go:22.36,24.2 1 1
github.com/gidyon/services/internal/channel/model.go:27.65,37.2 2 34
github.com/gidyon/services/internal/channel/model.go:40.65,49.2 2 10
