mode: atomic
github.com/gidyon/services/internal/account/model.go:40.38,42.2 1 1
github.com/gidyon/services/internal/account/model.go:45.50,49.19 3 50
github.com/gidyon/services/internal/account/model.go:55.2,55.19 1 50
github.com/gidyon/services/internal/account/model.go:61.2,61.23 1 50
github.com/gidyon/services/internal/account/model.go:68.2,68.12 1 50
github.com/gidyon/services/internal/account/model.go:49.19,51.17 2 2
github.com/gidyon/services/internal/account/model.go:51.17,53.4 1 0
github.com/gidyon/services/internal/account/model.go:55.19,57.17 2 2
github.com/gidyon/services/internal/account/model.go:57.17,59.4 1 0
github.com/gidyon/services/internal/account/model.go:61.23,63.17 2 0
github.com/gidyon/services/internal/account/model.go:63.17,65.4 1 0
github.com/gidyon/services/internal/account/model.go:72.54,74.26 2 246
github.com/gidyon/services/internal/account/model.go:77.2,77.26 1 246
github.com/gidyon/services/internal/account/model.go:80.2,80.30 1 246
github.com/gidyon/services/internal/account/model.go:83.2,83.8 1 246
github.com/gidyon/services/internal/account/model.go:74.26,76.3 1 0
github.com/gidyon/services/internal/account/model.go:77.26,79.3 1 0
github.com/gidyon/services/internal/account/model.go:80.30,82.3 1 0
github.com/gidyon/services/internal/account/model.go:87.65,88.22 1 191
github.com/gidyon/services/internal/account/model.go:92.2,94.31 2 191
github.com/gidyon/services/internal/account/model.go:99.2,100.41 2 191
github.com/gidyon/services/internal/account/model.go:107.2,124.23 2 191
github.com/gidyon/services/internal/account/model.go:88.22,90.3 1 0
github.com/gidyon/services/internal/account/model.go:94.31,96.3 1 0
github.com/gidyon/services/internal/account/model.go:100.41,102.17 2 1
github.com/gidyon/services/internal/account/model.go:102.17,104.4 1 0
github.com/gidyon/services/internal/account/model.go:128.65,129.22 1 51
github.com/gidyon/services/internal/account/model.go:133.2,148.40 2 51
github.com/gidyon/services/internal/account/model.go:156.2,156.23 1 51
github.com/gidyon/services/internal/account/model.go:129.22,131.3 1 0
github.com/gidyon/services/internal/account/model.go:148.40,150.17 2 0
github.com/gidyon/services/internal/account/model.go:153.3,153.33 1 0
github.com/gidyon/services/internal/account/model.go:150.17,152.4 1 0
github.com/gidyon/services/internal/account/model.go:160.94,161.22 1 187
github.com/gidyon/services/internal/account/model.go:164.2,164.14 1 187
github.com/gidyon/services/internal/account/model.go:161.22,163.3 1 0
github.com/gidyon/services/internal/account/model.go:165.70,174.4 1 16
github.com/gidyon/services/internal/account/model.go:175.10,176.19 1 171
github.com/gidyon/services/internal/account/pass.go:8.47,10.16 2 35
github.com/gidyon/services/internal/account/pass.go:14.2,14.33 1 35
github.com/gidyon/services/internal/account/pass.go:10.16,12.3 1 0
github.com/gidyon/services/internal/account/pass.go:18.57,20.2 1 4
github.com/gidyon/services/internal/account/account.go:74.89,77.9 2 19
github.com/gidyon/services/internal/account/account.go:111.2,111.16 1 19
github.com/gidyon/services/internal/account/account.go:116.2,119.61 1 2
github.com/gidyon/services/internal/account/account.go:134.2,135.16 2 2
github.com/gidyon/services/internal/account/account.go:140.2,141.16 2 2
github.com/gidyon/services/internal/account/account.go:146.2,146.64 1 2
github.com/gidyon/services/internal/account/account.go:153.2,153.83 1 2
github.com/gidyon/services/internal/account/account.go:161.2,161.24 1 2
github.com/gidyon/services/internal/account/account.go:78.18,79.34 1 1
github.com/gidyon/services/internal/account/account.go:80.18,81.34 1 1
github.com/gidyon/services/internal/account/account.go:82.25,83.38 1 1
github.com/gidyon/services/internal/account/account.go:84.34,85.48 1 1
github.com/gidyon/services/internal/account/account.go:86.30,87.49 1 1
github.com/gidyon/services/internal/account/account.go:88.31,89.44 1 1
github.com/gidyon/services/internal/account/account.go:90.35,91.57 1 1
github.com/gidyon/services/internal/account/account.go:92.26,93.48 1 1
github.com/gidyon/services/internal/account/account.go:94.30,95.40 1 1
github.com/gidyon/services/internal/account/account.go:96.29,97.39 1 1
github.com/gidyon/services/internal/account/account.go:98.32,99.42 1 1
github.com/gidyon/services/internal/account/account.go:100.31,101.41 1 1
github.com/gidyon/services/internal/account/account.go:102.31,103.40 1 1
github.com/gidyon/services/internal/account/account.go:104.25,105.33 1 1
github.com/gidyon/services/internal/account/account.go:106.34,107.43 1 2
github.com/gidyon/services/internal/account/account.go:108.31,109.40 1 1
github.com/gidyon/services/internal/account/account.go:111.16,113.3 1 17
github.com/gidyon/services/internal/account/account.go:119.61,121.18 2 0
github.com/gidyon/services/internal/account/account.go:124.4,125.18 2 0
github.com/gidyon/services/internal/account/account.go:128.4,128.14 1 0
github.com/gidyon/services/internal/account/account.go:121.18,123.5 1 0
github.com/gidyon/services/internal/account/account.go:125.18,127.5 1 0
github.com/gidyon/services/internal/account/account.go:135.16,137.3 1 0
github.com/gidyon/services/internal/account/account.go:141.16,143.3 1 0
github.com/gidyon/services/internal/account/account.go:146.64,148.17 2 0
github.com/gidyon/services/internal/account/account.go:148.17,150.4 1 0
github.com/gidyon/services/internal/account/account.go:153.83,156.17 2 1
github.com/gidyon/services/internal/account/account.go:156.17,158.4 1 0
github.com/gidyon/services/internal/account/account.go:166.36,169.9 2 10
github.com/gidyon/services/internal/account/account.go:183.2,183.16 1 10
github.com/gidyon/services/internal/account/account.go:188.2,189.16 2 5
github.com/gidyon/services/internal/account/account.go:193.2,199.9 2 5
github.com/gidyon/services/internal/account/account.go:205.2,205.9 1 5
github.com/gidyon/services/internal/account/account.go:226.2,228.16 2 2
github.com/gidyon/services/internal/account/account.go:232.2,232.53 1 2
github.com/gidyon/services/internal/account/account.go:170.24,171.42 1 1
github.com/gidyon/services/internal/account/account.go:172.33,173.40 1 0
github.com/gidyon/services/internal/account/account.go:174.32,175.34 1 1
github.com/gidyon/services/internal/account/account.go:176.37,177.35 1 1
github.com/gidyon/services/internal/account/account.go:178.70,179.45 1 1
github.com/gidyon/services/internal/account/account.go:180.33,181.40 1 1
github.com/gidyon/services/internal/account/account.go:183.16,185.3 1 5
github.com/gidyon/services/internal/account/account.go:189.16,191.3 1 0
github.com/gidyon/services/internal/account/account.go:200.37,201.90 1 3
github.com/gidyon/services/internal/account/account.go:202.37,203.90 1 2
github.com/gidyon/services/internal/account/account.go:206.18,207.27 1 2
github.com/gidyon/services/internal/account/account.go:208.46,212.17 3 3
github.com/gidyon/services/internal/account/account.go:215.3,217.17 3 3
github.com/gidyon/services/internal/account/account.go:220.3,220.54 1 3
github.com/gidyon/services/internal/account/account.go:221.10,222.48 1 0
github.com/gidyon/services/internal/account/account.go:212.17,214.4 1 0
github.com/gidyon/services/internal/account/account.go:217.17,219.4 1 0
github.com/gidyon/services/internal/account/account.go:228.16,230.3 1 0
github.com/gidyon/services/internal/account/account.go:237.36,243.9 2 6
github.com/gidyon/services/internal/account/account.go:258.2,259.9 2 2
github.com/gidyon/services/internal/account/account.go:270.2,272.9 3 1
github.com/gidyon/services/internal/account/account.go:280.2,280.9 1 1
github.com/gidyon/services/internal/account/account.go:287.2,287.67 1 1
github.com/gidyon/services/internal/account/account.go:244.18,245.54 1 1
github.com/gidyon/services/internal/account/account.go:246.30,247.46 1 1
github.com/gidyon/services/internal/account/account.go:248.27,249.43 1 1
github.com/gidyon/services/internal/account/account.go:250.10,252.17 2 3
github.com/gidyon/services/internal/account/account.go:252.17,254.4 1 1
github.com/gidyon/services/internal/account/account.go:260.18,261.10 1 2
github.com/gidyon/services/internal/account/account.go:264.40,265.71 1 0
github.com/gidyon/services/internal/account/account.go:266.10,267.46 1 0
github.com/gidyon/services/internal/account/account.go:261.10,263.4 1 1
github.com/gidyon/services/internal/account/account.go:273.18,273.18 0 1
github.com/gidyon/services/internal/account/account.go:274.46,275.58 1 0
github.com/gidyon/services/internal/account/account.go:276.10,277.48 1 0
github.com/gidyon/services/internal/account/account.go:281.71,282.77 1 0
github.com/gidyon/services/internal/account/account.go:283.71,284.77 1 0
github.com/gidyon/services/internal/account/account.go:292.45,298.9 2 6
github.com/gidyon/services/internal/account/account.go:313.2,316.16 2 2
github.com/gidyon/services/internal/account/account.go:321.2,322.9 2 2
github.com/gidyon/services/internal/account/account.go:330.2,332.42 3 2
github.com/gidyon/services/internal/account/account.go:344.2,345.72 1 2
github.com/gidyon/services/internal/account/account.go:350.2,352.16 2 1
github.com/gidyon/services/internal/account/account.go:356.2,356.48 1 1
github.com/gidyon/services/internal/account/account.go:299.26,300.55 1 1
github.com/gidyon/services/internal/account/account.go:301.31,302.41 1 1
github.com/gidyon/services/internal/account/account.go:303.35,304.46 1 1
github.com/gidyon/services/internal/account/account.go:305.10,307.17 2 3
github.com/gidyon/services/internal/account/account.go:307.17,309.4 1 1
github.com/gidyon/services/internal/account/account.go:316.16,318.3 1 0
github.com/gidyon/services/internal/account/account.go:323.24,324.11 1 2
github.com/gidyon/services/internal/account/account.go:324.11,326.4 1 0
github.com/gidyon/services/internal/account/account.go:332.42,333.11 1 0
github.com/gidyon/services/internal/account/account.go:333.11,334.11 1 0
github.com/gidyon/services/internal/account/account.go:335.26,336.75 1 0
github.com/gidyon/services/internal/account/account.go:337.26,338.62 1 0
github.com/gidyon/services/internal/account/account.go:345.72,347.3 1 1
github.com/gidyon/services/internal/account/account.go:352.16,354.3 1 0
github.com/gidyon/services/internal/account/account.go:359.57,360.61 1 0
github.com/gidyon/services/internal/account/account.go:363.2,363.61 1 0
github.com/gidyon/services/internal/account/account.go:366.2,366.50 1 0
github.com/gidyon/services/internal/account/account.go:360.61,362.3 1 0
github.com/gidyon/services/internal/account/account.go:363.61,365.3 1 0
github.com/gidyon/services/internal/account/account.go:371.25,374.9 2 6
github.com/gidyon/services/internal/account/account.go:389.2,390.16 2 2
github.com/gidyon/services/internal/account/account.go:395.2,398.9 3 2
github.com/gidyon/services/internal/account/account.go:407.2,407.9 1 1
github.com/gidyon/services/internal/account/account.go:413.2,414.16 2 1
github.com/gidyon/services/internal/account/account.go:418.2,418.56 1 1
github.com/gidyon/services/internal/account/account.go:429.2,429.16 1 1
github.com/gidyon/services/internal/account/account.go:433.2,433.28 1 1
github.com/gidyon/services/internal/account/account.go:375.24,376.46 1 1
github.com/gidyon/services/internal/account/account.go:377.32,378.40 1 1
github.com/gidyon/services/internal/account/account.go:379.41,380.45 1 1
github.com/gidyon/services/internal/account/account.go:381.10,383.17 2 3
github.com/gidyon/services/internal/account/account.go:383.17,385.4 1 1
github.com/gidyon/services/internal/account/account.go:390.16,392.3 1 0
github.com/gidyon/services/internal/account/account.go:399.18,399.18 0 1
github.com/gidyon/services/internal/account/account.go:400.46,401.72 1 1
github.com/gidyon/services/internal/account/account.go:402.10,403.48 1 0
github.com/gidyon/services/internal/account/account.go:409.67,410.88 1 0
github.com/gidyon/services/internal/account/account.go:414.16,416.3 1 0
github.com/gidyon/services/internal/account/account.go:418.56,424.3 1 0
github.com/gidyon/services/internal/account/account.go:424.8,428.3 1 1
github.com/gidyon/services/internal/account/account.go:429.16,431.3 1 0
github.com/gidyon/services/internal/account/account.go:436.43,438.2 1 6
github.com/gidyon/services/internal/account/account.go:442.57,446.9 2 7
github.com/gidyon/services/internal/account/account.go:458.2,461.9 3 3
github.com/gidyon/services/internal/account/account.go:478.2,482.16 3 2
github.com/gidyon/services/internal/account/account.go:486.2,492.16 3 2
github.com/gidyon/services/internal/account/account.go:497.2,501.16 2 2
github.com/gidyon/services/internal/account/account.go:505.2,527.16 5 2
github.com/gidyon/services/internal/account/account.go:531.2,533.8 1 2
github.com/gidyon/services/internal/account/account.go:447.18,448.67 1 1
github.com/gidyon/services/internal/account/account.go:449.25,450.43 1 1
github.com/gidyon/services/internal/account/account.go:451.29,452.48 1 1
github.com/gidyon/services/internal/account/account.go:453.70,454.84 1 1
github.com/gidyon/services/internal/account/account.go:462.18,462.18 0 2
github.com/gidyon/services/internal/account/account.go:463.46,464.42 1 1
github.com/gidyon/services/internal/account/account.go:473.3,473.101 1 1
github.com/gidyon/services/internal/account/account.go:474.10,475.48 1 0
github.com/gidyon/services/internal/account/account.go:464.42,465.63 1 1
github.com/gidyon/services/internal/account/account.go:468.4,468.63 1 1
github.com/gidyon/services/internal/account/account.go:471.4,471.42 1 1
github.com/gidyon/services/internal/account/account.go:465.63,467.5 1 0
github.com/gidyon/services/internal/account/account.go:468.63,470.5 1 0
github.com/gidyon/services/internal/account/account.go:482.16,484.3 1 0
github.com/gidyon/services/internal/account/account.go:492.16,494.3 1 0
github.com/gidyon/services/internal/account/account.go:501.16,503.3 1 0
github.com/gidyon/services/internal/account/account.go:527.16,529.3 1 0
github.com/gidyon/services/internal/account/account.go:538.25,543.9 3 10
github.com/gidyon/services/internal/account/account.go:560.2,561.16 2 4
github.com/gidyon/services/internal/account/account.go:566.2,568.9 3 4
github.com/gidyon/services/internal/account/account.go:577.2,577.69 1 3
github.com/gidyon/services/internal/account/account.go:582.2,583.9 2 3
github.com/gidyon/services/internal/account/account.go:591.2,591.43 1 3
github.com/gidyon/services/internal/account/account.go:596.2,596.52 1 2
github.com/gidyon/services/internal/account/account.go:609.2,617.16 3 1
github.com/gidyon/services/internal/account/account.go:621.2,621.28 1 1
github.com/gidyon/services/internal/account/account.go:544.31,545.53 1 1
github.com/gidyon/services/internal/account/account.go:546.40,547.46 1 1
github.com/gidyon/services/internal/account/account.go:548.46,549.48 1 2
github.com/gidyon/services/internal/account/account.go:550.42,551.48 1 1
github.com/gidyon/services/internal/account/account.go:552.10,554.17 2 5
github.com/gidyon/services/internal/account/account.go:554.17,556.4 1 1
github.com/gidyon/services/internal/account/account.go:561.16,563.3 1 0
github.com/gidyon/services/internal/account/account.go:569.18,569.18 0 3
github.com/gidyon/services/internal/account/account.go:570.46,571.71 1 1
github.com/gidyon/services/internal/account/account.go:572.10,573.48 1 0
github.com/gidyon/services/internal/account/account.go:577.69,579.3 1 0
github.com/gidyon/services/internal/account/account.go:584.18,584.18 0 3
github.com/gidyon/services/internal/account/account.go:585.24,586.73 1 0
github.com/gidyon/services/internal/account/account.go:587.10,588.52 1 0
github.com/gidyon/services/internal/account/account.go:591.43,593.3 1 1
github.com/gidyon/services/internal/account/account.go:596.52,598.98 1 2
github.com/gidyon/services/internal/account/account.go:602.3,603.17 2 1
github.com/gidyon/services/internal/account/account.go:598.98,600.4 1 1
github.com/gidyon/services/internal/account/account.go:603.17,605.4 1 0
github.com/gidyon/services/internal/account/account.go:617.16,619.3 1 0
github.com/gidyon/services/internal/account/account.go:626.25,628.19 1 6
github.com/gidyon/services/internal/account/account.go:633.2,634.16 2 5
github.com/gidyon/services/internal/account/account.go:639.2,640.9 2 5
github.com/gidyon/services/internal/account/account.go:651.2,653.9 3 3
github.com/gidyon/services/internal/account/account.go:662.2,662.69 1 2
github.com/gidyon/services/internal/account/account.go:667.2,668.16 2 2
github.com/gidyon/services/internal/account/account.go:672.2,672.28 1 2
github.com/gidyon/services/internal/account/account.go:628.19,630.3 1 1
github.com/gidyon/services/internal/account/account.go:634.16,636.3 1 0
github.com/gidyon/services/internal/account/account.go:641.30,642.45 1 1
github.com/gidyon/services/internal/account/account.go:643.10,645.17 2 4
github.com/gidyon/services/internal/account/account.go:645.17,647.4 1 1
github.com/gidyon/services/internal/account/account.go:654.18,654.18 0 2
github.com/gidyon/services/internal/account/account.go:655.46,656.61 1 1
github.com/gidyon/services/internal/account/account.go:657.10,658.48 1 0
github.com/gidyon/services/internal/account/account.go:662.69,664.3 1 0
github.com/gidyon/services/internal/account/account.go:668.16,670.3 1 0
github.com/gidyon/services/internal/account/account.go:677.29,679.19 1 21
github.com/gidyon/services/internal/account/account.go:684.2,685.16 2 20
github.com/gidyon/services/internal/account/account.go:690.2,691.9 2 20
github.com/gidyon/services/internal/account/account.go:702.2,704.23 2 18
github.com/gidyon/services/internal/account/account.go:713.2,713.9 1 18
github.com/gidyon/services/internal/account/account.go:722.2,722.53 1 13
github.com/gidyon/services/internal/account/account.go:727.2,727.91 1 13
github.com/gidyon/services/internal/account/account.go:731.2,732.16 2 11
github.com/gidyon/services/internal/account/account.go:736.2,736.59 1 11
github.com/gidyon/services/internal/account/account.go:679.19,681.3 1 1
github.com/gidyon/services/internal/account/account.go:685.16,687.3 1 0
github.com/gidyon/services/internal/account/account.go:692.30,693.46 1 1
github.com/gidyon/services/internal/account/account.go:694.10,696.17 2 19
github.com/gidyon/services/internal/account/account.go:696.17,698.4 1 1
github.com/gidyon/services/internal/account/account.go:704.23,705.48 1 0
github.com/gidyon/services/internal/account/account.go:705.48,707.4 1 0
github.com/gidyon/services/internal/account/account.go:707.9,709.4 1 0
github.com/gidyon/services/internal/account/account.go:710.8,712.3 1 18
github.com/gidyon/services/internal/account/account.go:714.18,714.18 0 13
github.com/gidyon/services/internal/account/account.go:715.46,716.61 1 5
github.com/gidyon/services/internal/account/account.go:717.10,718.48 1 0
github.com/gidyon/services/internal/account/account.go:722.53,724.3 1 0
github.com/gidyon/services/internal/account/account.go:727.91,729.3 1 2
github.com/gidyon/services/internal/account/account.go:732.16,734.3 1 0
github.com/gidyon/services/internal/account/account.go:741.46,743.2 1 0
github.com/gidyon/services/internal/account/account.go:747.47,749.2 1 0
github.com/gidyon/services/internal/account/account.go:753.42,755.21 1 45
github.com/gidyon/services/internal/account/account.go:760.2,761.16 2 44
github.com/gidyon/services/internal/account/account.go:765.2,772.9 2 44
github.com/gidyon/services/internal/account/account.go:780.2,787.9 4 42
github.com/gidyon/services/internal/account/account.go:755.21,757.3 1 1
github.com/gidyon/services/internal/account/account.go:761.16,763.3 1 0
github.com/gidyon/services/internal/account/account.go:773.23,774.46 1 1
github.com/gidyon/services/internal/account/account.go:775.34,776.63 1 1
github.com/gidyon/services/internal/account/account.go:788.18,790.31 2 4
github.com/gidyon/services/internal/account/account.go:793.3,793.31 1 4
github.com/gidyon/services/internal/account/account.go:797.3,801.9 1 4
github.com/gidyon/services/internal/account/account.go:802.46,806.9 1 38
github.com/gidyon/services/internal/account/account.go:807.10,808.48 1 0
github.com/gidyon/services/internal/account/account.go:790.31,792.4 1 2
github.com/gidyon/services/internal/account/account.go:793.31,795.4 1 2
github.com/gidyon/services/internal/account/account.go:816.30,818.20 1 16
github.com/gidyon/services/internal/account/account.go:823.2,824.16 2 15
github.com/gidyon/services/internal/account/account.go:829.2,830.49 2 15
github.com/gidyon/services/internal/account/account.go:834.2,838.21 3 15
github.com/gidyon/services/internal/account/account.go:849.2,852.57 2 14
github.com/gidyon/services/internal/account/account.go:860.2,860.12 1 14
github.com/gidyon/services/internal/account/account.go:865.2,865.29 1 14
github.com/gidyon/services/internal/account/account.go:870.2,875.9 4 14
github.com/gidyon/services/internal/account/account.go:881.2,884.39 3 14
github.com/gidyon/services/internal/account/account.go:898.2,899.33 2 14
github.com/gidyon/services/internal/account/account.go:907.2,910.8 1 14
github.com/gidyon/services/internal/account/account.go:818.20,820.3 1 1
github.com/gidyon/services/internal/account/account.go:824.16,826.3 1 0
github.com/gidyon/services/internal/account/account.go:830.49,832.3 1 15
github.com/gidyon/services/internal/account/account.go:838.21,840.17 2 1
github.com/gidyon/services/internal/account/account.go:845.3,845.20 1 0
github.com/gidyon/services/internal/account/account.go:840.17,844.4 1 1
github.com/gidyon/services/internal/account/account.go:852.57,853.29 1 14
github.com/gidyon/services/internal/account/account.go:853.29,855.9 2 14
github.com/gidyon/services/internal/account/account.go:860.12,862.3 1 0
github.com/gidyon/services/internal/account/account.go:865.29,867.3 1 0
github.com/gidyon/services/internal/account/account.go:876.18,876.18 0 14
github.com/gidyon/services/internal/account/account.go:877.10,878.49 1 0
github.com/gidyon/services/internal/account/account.go:884.39,886.17 2 131
github.com/gidyon/services/internal/account/account.go:890.3,890.21 1 131
github.com/gidyon/services/internal/account/account.go:894.3,895.27 2 131
github.com/gidyon/services/internal/account/account.go:886.17,888.4 1 0
github.com/gidyon/services/internal/account/account.go:890.21,891.9 1 0
github.com/gidyon/services/internal/account/account.go:899.33,902.17 2 0
github.com/gidyon/services/internal/account/account.go:902.17,904.4 1 0
github.com/gidyon/services/internal/account/account.go:916.30,918.22 1 15
github.com/gidyon/services/internal/account/account.go:923.2,924.16 2 14
github.com/gidyon/services/internal/account/account.go:929.2,929.27 1 14
github.com/gidyon/services/internal/account/account.go:936.2,937.49 2 13
github.com/gidyon/services/internal/account/account.go:941.2,945.21 3 13
github.com/gidyon/services/internal/account/account.go:953.2,959.57 3 12
github.com/gidyon/services/internal/account/account.go:967.2,967.29 1 12
github.com/gidyon/services/internal/account/account.go:972.2,979.9 4 12
github.com/gidyon/services/internal/account/account.go:985.2,988.39 3 12
github.com/gidyon/services/internal/account/account.go:1002.2,1003.33 2 12
github.com/gidyon/services/internal/account/account.go:1011.2,1014.8 1 12
github.com/gidyon/services/internal/account/account.go:918.22,920.3 1 1
github.com/gidyon/services/internal/account/account.go:924.16,926.3 1 0
github.com/gidyon/services/internal/account/account.go:929.27,933.3 1 1
github.com/gidyon/services/internal/account/account.go:937.49,939.3 1 13
github.com/gidyon/services/internal/account/account.go:945.21,947.17 2 1
github.com/gidyon/services/internal/account/account.go:950.3,950.20 1 0
github.com/gidyon/services/internal/account/account.go:947.17,949.4 1 1
github.com/gidyon/services/internal/account/account.go:959.57,960.29 1 12
github.com/gidyon/services/internal/account/account.go:960.29,962.9 2 12
github.com/gidyon/services/internal/account/account.go:967.29,969.3 1 0
github.com/gidyon/services/internal/account/account.go:980.18,980.18 0 12
github.com/gidyon/services/internal/account/account.go:981.10,982.49 1 0
github.com/gidyon/services/internal/account/account.go:988.39,990.17 2 45
github.com/gidyon/services/internal/account/account.go:994.3,994.21 1 45
github.com/gidyon/services/internal/account/account.go:998.3,999.27 2 45
github.com/gidyon/services/internal/account/account.go:990.17,992.4 1 0
github.com/gidyon/services/internal/account/account.go:994.21,995.9 1 0
github.com/gidyon/services/internal/account/account.go:1003.33,1006.17 2 0
github.com/gidyon/services/internal/account/account.go:1006.17,1008.4 1 0
github.com/gidyon/services/internal/account/account.go:1017.79,1018.41 1 26
github.com/gidyon/services/internal/account/account.go:1023.2,1023.9 1 24
github.com/gidyon/services/internal/account/account.go:1033.2,1033.9 1 24
github.com/gidyon/services/internal/account/account.go:1041.2,1041.33 1 24
github.com/gidyon/services/internal/account/account.go:1063.2,1063.34 1 24
github.com/gidyon/services/internal/account/account.go:1067.2,1067.11 1 24
github.com/gidyon/services/internal/account/account.go:1018.41,1020.3 1 2
github.com/gidyon/services/internal/account/account.go:1024.35,1025.75 1 8
github.com/gidyon/services/internal/account/account.go:1026.37,1027.77 1 4
github.com/gidyon/services/internal/account/account.go:1028.36,1029.76 1 2
github.com/gidyon/services/internal/account/account.go:1034.28,1035.63 1 4
github.com/gidyon/services/internal/account/account.go:1036.26,1037.61 1 2
github.com/gidyon/services/internal/account/account.go:1041.33,1043.10 2 2
github.com/gidyon/services/internal/account/account.go:1044.110,1048.5 1 0
github.com/gidyon/services/internal/account/account.go:1049.34,1052.5 1 2
github.com/gidyon/services/internal/account/account.go:1053.33,1054.38 1 0
github.com/gidyon/services/internal/account/account.go:1054.38,1058.5 1 0
github.com/gidyon/services/internal/account/account.go:1063.34,1065.3 1 2
github.com/gidyon/services/internal/account/change.go:24.50,25.29 1 0
github.com/gidyon/services/internal/account/change.go:30.2,30.14 1 0
github.com/gidyon/services/internal/account/change.go:25.29,26.19 1 0
github.com/gidyon/services/internal/account/change.go:26.19,28.4 1 0
github.com/gidyon/services/internal/account/change.go:35.21,37.22 1 53
github.com/gidyon/services/internal/account/change.go:42.2,43.16 2 47
github.com/gidyon/services/internal/account/change.go:47.2,52.9 4 47
github.com/gidyon/services/internal/account/change.go:71.2,74.9 3 24
github.com/gidyon/services/internal/account/change.go:83.2,83.64 1 22
github.com/gidyon/services/internal/account/change.go:88.2,88.61 1 16
github.com/gidyon/services/internal/account/change.go:93.2,95.9 3 16
github.com/gidyon/services/internal/account/change.go:103.2,103.23 1 14
github.com/gidyon/services/internal/account/change.go:37.22,39.3 1 6
github.com/gidyon/services/internal/account/change.go:43.16,45.3 1 0
github.com/gidyon/services/internal/account/change.go:53.23,54.46 1 6
github.com/gidyon/services/internal/account/change.go:55.21,56.44 1 6
github.com/gidyon/services/internal/account/change.go:57.89,58.84 1 5
github.com/gidyon/services/internal/account/change.go:59.10,61.17 2 30
github.com/gidyon/services/internal/account/change.go:64.3,65.17 2 27
github.com/gidyon/services/internal/account/change.go:61.17,63.4 1 3
github.com/gidyon/services/internal/account/change.go:65.17,67.4 1 3
github.com/gidyon/services/internal/account/change.go:75.18,75.18 0 22
github.com/gidyon/services/internal/account/change.go:76.46,77.102 1 2
github.com/gidyon/services/internal/account/change.go:78.10,79.46 1 0
github.com/gidyon/services/internal/account/change.go:83.64,85.3 1 6
github.com/gidyon/services/internal/account/change.go:88.61,90.3 1 0
github.com/gidyon/services/internal/account/change.go:96.18,96.18 0 14
github.com/gidyon/services/internal/account/change.go:97.46,98.96 1 2
github.com/gidyon/services/internal/account/change.go:99.10,100.49 1 0
github.com/gidyon/services/internal/account/change.go:108.25,111.16 2 53
github.com/gidyon/services/internal/account/change.go:115.2,125.15 3 14
github.com/gidyon/services/internal/account/change.go:131.2,131.21 1 14
github.com/gidyon/services/internal/account/change.go:136.2,138.35 2 14
github.com/gidyon/services/internal/account/change.go:233.2,233.22 1 11
github.com/gidyon/services/internal/account/change.go:274.2,275.16 2 11
github.com/gidyon/services/internal/account/change.go:280.2,280.28 1 11
github.com/gidyon/services/internal/account/change.go:111.16,113.3 1 39
github.com/gidyon/services/internal/account/change.go:125.15,126.35 1 14
github.com/gidyon/services/internal/account/change.go:126.35,128.4 1 0
github.com/gidyon/services/internal/account/change.go:131.21,133.3 1 0
github.com/gidyon/services/internal/account/change.go:139.40,141.17 2 1
github.com/gidyon/services/internal/account/change.go:145.3,149.4 3 1
github.com/gidyon/services/internal/account/change.go:151.38,153.17 2 1
github.com/gidyon/services/internal/account/change.go:157.3,161.4 3 1
github.com/gidyon/services/internal/account/change.go:163.39,165.70 1 2
github.com/gidyon/services/internal/account/change.go:169.3,170.17 2 1
github.com/gidyon/services/internal/account/change.go:174.3,178.4 3 1
github.com/gidyon/services/internal/account/change.go:180.37,182.69 1 3
github.com/gidyon/services/internal/account/change.go:186.3,187.17 2 2
github.com/gidyon/services/internal/account/change.go:191.3,195.4 3 2
github.com/gidyon/services/internal/account/change.go:197.44,199.69 1 2
github.com/gidyon/services/internal/account/change.go:204.3,205.17 2 1
github.com/gidyon/services/internal/account/change.go:209.3,210.17 2 1
github.com/gidyon/services/internal/account/change.go:214.3,218.4 3 1
github.com/gidyon/services/internal/account/change.go:220.46,222.17 2 5
github.com/gidyon/services/internal/account/change.go:226.3,230.4 3 5
github.com/gidyon/services/internal/account/change.go:141.17,144.4 2 0
github.com/gidyon/services/internal/account/change.go:153.17,156.4 2 0
github.com/gidyon/services/internal/account/change.go:165.70,168.4 2 1
github.com/gidyon/services/internal/account/change.go:170.17,173.4 2 0
github.com/gidyon/services/internal/account/change.go:182.69,185.4 2 1
github.com/gidyon/services/internal/account/change.go:187.17,190.4 2 0
github.com/gidyon/services/internal/account/change.go:199.69,202.4 2 1
github.com/gidyon/services/internal/account/change.go:205.17,208.4 2 0
github.com/gidyon/services/internal/account/change.go:210.17,213.4 2 0
github.com/gidyon/services/internal/account/change.go:222.17,225.4 2 0
github.com/gidyon/services/internal/account/change.go:233.22,245.17 4 0
github.com/gidyon/services/internal/account/change.go:250.3,268.17 4 0
github.com/gidyon/services/internal/account/change.go:245.17,248.4 2 0
github.com/gidyon/services/internal/account/change.go:268.17,270.4 1 0
github.com/gidyon/services/internal/account/change.go:275.16,278.3 2 0
github.com/gidyon/services/internal/account/create.go:22.36,23.35 1 77
github.com/gidyon/services/internal/account/create.go:26.2,26.35 1 77
github.com/gidyon/services/internal/account/create.go:29.2,29.36 1 77
github.com/gidyon/services/internal/account/create.go:32.2,32.14 1 77
github.com/gidyon/services/internal/account/create.go:23.35,25.3 1 74
github.com/gidyon/services/internal/account/create.go:26.35,28.3 1 1
github.com/gidyon/services/internal/account/create.go:29.36,31.3 1 0
github.com/gidyon/services/internal/account/create.go:37.43,39.22 1 43
github.com/gidyon/services/internal/account/create.go:43.2,46.22 3 42
github.com/gidyon/services/internal/account/create.go:51.2,51.9 1 42
github.com/gidyon/services/internal/account/create.go:63.2,63.16 1 42
github.com/gidyon/services/internal/account/create.go:70.2,75.16 2 37
github.com/gidyon/services/internal/account/create.go:80.2,80.21 1 37
github.com/gidyon/services/internal/account/create.go:88.2,89.16 2 35
github.com/gidyon/services/internal/account/create.go:94.2,98.28 3 35
github.com/gidyon/services/internal/account/create.go:113.2,118.27 4 35
github.com/gidyon/services/internal/account/create.go:132.2,135.15 2 35
github.com/gidyon/services/internal/account/create.go:141.2,141.21 1 35
github.com/gidyon/services/internal/account/create.go:146.2,147.9 2 35
github.com/gidyon/services/internal/account/create.go:180.2,183.41 2 35
github.com/gidyon/services/internal/account/create.go:188.2,188.52 1 35
github.com/gidyon/services/internal/account/create.go:258.2,260.8 1 35
github.com/gidyon/services/internal/account/create.go:39.22,41.3 1 1
github.com/gidyon/services/internal/account/create.go:46.22,48.3 1 0
github.com/gidyon/services/internal/account/create.go:52.33,53.40 1 1
github.com/gidyon/services/internal/account/create.go:54.29,55.35 1 1
github.com/gidyon/services/internal/account/create.go:56.29,57.35 1 1
github.com/gidyon/services/internal/account/create.go:58.54,59.59 1 1
github.com/gidyon/services/internal/account/create.go:60.57,61.38 1 1
github.com/gidyon/services/internal/account/create.go:63.16,65.3 1 5
github.com/gidyon/services/internal/account/create.go:75.16,77.3 1 0
github.com/gidyon/services/internal/account/create.go:80.21,86.3 1 2
github.com/gidyon/services/internal/account/create.go:89.16,91.3 1 0
github.com/gidyon/services/internal/account/create.go:98.28,101.17 2 1
github.com/gidyon/services/internal/account/create.go:104.3,104.32 1 1
github.com/gidyon/services/internal/account/create.go:110.3,110.45 1 1
github.com/gidyon/services/internal/account/create.go:101.17,103.4 1 0
github.com/gidyon/services/internal/account/create.go:104.32,106.12 2 1
github.com/gidyon/services/internal/account/create.go:106.12,108.5 1 0
github.com/gidyon/services/internal/account/create.go:118.27,122.36 3 34
github.com/gidyon/services/internal/account/create.go:122.36,124.18 2 34
github.com/gidyon/services/internal/account/create.go:127.4,127.32 1 34
github.com/gidyon/services/internal/account/create.go:124.18,126.5 1 0
github.com/gidyon/services/internal/account/create.go:135.15,136.35 1 35
github.com/gidyon/services/internal/account/create.go:136.35,138.4 1 0
github.com/gidyon/services/internal/account/create.go:141.21,144.3 2 0
github.com/gidyon/services/internal/account/create.go:148.18,148.18 0 35
github.com/gidyon/services/internal/account/create.go:149.10,150.52 1 0
github.com/gidyon/services/internal/account/create.go:160.3,160.30 1 0
github.com/gidyon/services/internal/account/create.go:176.3,177.49 2 0
github.com/gidyon/services/internal/account/create.go:150.52,151.63 1 0
github.com/gidyon/services/internal/account/create.go:154.4,154.63 1 0
github.com/gidyon/services/internal/account/create.go:157.4,157.48 1 0
github.com/gidyon/services/internal/account/create.go:151.63,153.5 1 0
github.com/gidyon/services/internal/account/create.go:154.63,156.5 1 0
github.com/gidyon/services/internal/account/create.go:160.30,162.59 1 0
github.com/gidyon/services/internal/account/create.go:172.4,173.54 2 0
github.com/gidyon/services/internal/account/create.go:162.59,165.19 2 0
github.com/gidyon/services/internal/account/create.go:169.5,169.10 1 0
github.com/gidyon/services/internal/account/create.go:165.19,168.6 2 0
github.com/gidyon/services/internal/account/create.go:183.41,186.3 2 0
github.com/gidyon/services/internal/account/create.go:188.52,196.17 2 0
github.com/gidyon/services/internal/account/create.go:201.3,201.48 1 0
github.com/gidyon/services/internal/account/create.go:212.3,227.29 2 0
github.com/gidyon/services/internal/account/create.go:246.3,253.17 5 0
github.com/gidyon/services/internal/account/create.go:196.17,198.4 1 0
github.com/gidyon/services/internal/account/create.go:201.48,202.29 1 0
github.com/gidyon/services/internal/account/create.go:205.4,205.29 1 0
github.com/gidyon/services/internal/account/create.go:208.4,208.89 1 0
github.com/gidyon/services/internal/account/create.go:202.29,204.5 1 0
github.com/gidyon/services/internal/account/create.go:205.29,207.5 1 0
github.com/gidyon/services/internal/account/create.go:227.29,244.4 1 0
github.com/gidyon/services/internal/account/create.go:253.17,255.4 1 0
github.com/gidyon/services/internal/account/create.go:263.38,264.25 1 6
github.com/gidyon/services/internal/account/create.go:269.2,269.11 1 2
github.com/gidyon/services/internal/account/create.go:264.25,265.14 1 12
github.com/gidyon/services/internal/account/create.go:265.14,267.4 1 4
github.com/gidyon/services/internal/account/login.go:22.44,25.2 2 0
github.com/gidyon/services/internal/account/login.go:27.31,30.2 2 11
github.com/gidyon/services/internal/account/login.go:34.36,36.22 1 11
github.com/gidyon/services/internal/account/login.go:41.2,42.9 2 10
github.com/gidyon/services/internal/account/login.go:50.2,50.16 1 10
github.com/gidyon/services/internal/account/login.go:55.2,61.9 3 7
github.com/gidyon/services/internal/account/login.go:79.2,79.30 1 5
github.com/gidyon/services/internal/account/login.go:85.2,86.16 2 4
github.com/gidyon/services/internal/account/login.go:91.2,91.53 1 4
github.com/gidyon/services/internal/account/login.go:96.2,97.16 2 4
github.com/gidyon/services/internal/account/login.go:101.2,101.71 1 4
github.com/gidyon/services/internal/account/login.go:36.22,38.3 1 1
github.com/gidyon/services/internal/account/login.go:43.32,44.38 1 1
github.com/gidyon/services/internal/account/login.go:45.32,46.38 1 1
github.com/gidyon/services/internal/account/login.go:47.33,48.40 1 1
github.com/gidyon/services/internal/account/login.go:50.16,52.3 1 3
github.com/gidyon/services/internal/account/login.go:62.18,62.18 0 5
github.com/gidyon/services/internal/account/login.go:63.46,64.33 1 2
github.com/gidyon/services/internal/account/login.go:73.3,73.93 1 2
github.com/gidyon/services/internal/account/login.go:74.10,75.48 1 0
github.com/gidyon/services/internal/account/login.go:64.33,65.49 1 2
github.com/gidyon/services/internal/account/login.go:68.4,68.49 1 1
github.com/gidyon/services/internal/account/login.go:71.4,71.43 1 1
github.com/gidyon/services/internal/account/login.go:65.49,67.5 1 1
github.com/gidyon/services/internal/account/login.go:68.49,70.5 1 0
github.com/gidyon/services/internal/account/login.go:79.30,83.3 1 1
github.com/gidyon/services/internal/account/login.go:86.16,88.3 1 0
github.com/gidyon/services/internal/account/login.go:91.53,93.3 1 0
github.com/gidyon/services/internal/account/login.go:97.16,99.3 1 0
github.com/gidyon/services/internal/account/login.go:106.36,116.41 3 10
github.com/gidyon/services/internal/account/login.go:123.2,127.16 4 10
github.com/gidyon/services/internal/account/login.go:131.2,131.23 1 10
github.com/gidyon/services/internal/account/login.go:171.2,172.16 2 9
github.com/gidyon/services/internal/account/login.go:177.2,178.16 2 9
github.com/gidyon/services/internal/account/login.go:214.2,221.8 1 9
github.com/gidyon/services/internal/account/login.go:116.41,118.17 2 0
github.com/gidyon/services/internal/account/login.go:118.17,120.4 1 0
github.com/gidyon/services/internal/account/login.go:127.16,129.3 1 10
github.com/gidyon/services/internal/account/login.go:131.23,133.73 2 5
github.com/gidyon/services/internal/account/login.go:151.3,151.13 1 5
github.com/gidyon/services/internal/account/login.go:133.73,135.28 2 5
github.com/gidyon/services/internal/account/login.go:135.28,144.19 3 4
github.com/gidyon/services/internal/account/login.go:148.5,148.10 1 4
github.com/gidyon/services/internal/account/login.go:144.19,147.6 1 0
github.com/gidyon/services/internal/account/login.go:151.13,154.4 1 1
github.com/gidyon/services/internal/account/login.go:155.8,164.17 3 5
github.com/gidyon/services/internal/account/login.go:164.17,167.4 1 0
github.com/gidyon/services/internal/account/login.go:172.16,174.3 1 0
github.com/gidyon/services/internal/account/login.go:178.16,190.17 3 9
github.com/gidyon/services/internal/account/login.go:195.3,199.17 5 9
github.com/gidyon/services/internal/account/login.go:204.3,208.17 5 9
github.com/gidyon/services/internal/account/login.go:190.17,192.4 1 0
github.com/gidyon/services/internal/account/login.go:199.17,201.4 1 0
github.com/gidyon/services/internal/account/login.go:208.17,210.4 1 0
