mode: atomic
github.com/gidyon/services/internal/account/account.go:73.54,79.2 4 2
github.com/gidyon/services/internal/account/account.go:82.89,85.9 2 14
github.com/gidyon/services/internal/account/account.go:111.2,111.16 1 14
github.com/gidyon/services/internal/account/account.go:116.2,117.16 2 2
github.com/gidyon/services/internal/account/account.go:122.2,123.16 2 2
github.com/gidyon/services/internal/account/account.go:128.2,139.61 1 2
github.com/gidyon/services/internal/account/account.go:149.2,150.16 2 2
github.com/gidyon/services/internal/account/account.go:155.2,156.16 2 2
github.com/gidyon/services/internal/account/account.go:161.2,162.16 2 2
github.com/gidyon/services/internal/account/account.go:167.2,168.16 2 2
github.com/gidyon/services/internal/account/account.go:172.2,172.24 1 2
github.com/gidyon/services/internal/account/account.go:86.18,87.34 1 1
github.com/gidyon/services/internal/account/account.go:88.18,89.34 1 1
github.com/gidyon/services/internal/account/account.go:90.25,91.38 1 1
github.com/gidyon/services/internal/account/account.go:92.30,93.49 1 1
github.com/gidyon/services/internal/account/account.go:94.31,95.44 1 1
github.com/gidyon/services/internal/account/account.go:96.32,97.39 1 1
github.com/gidyon/services/internal/account/account.go:98.24,99.33 1 1
github.com/gidyon/services/internal/account/account.go:100.26,101.35 1 1
github.com/gidyon/services/internal/account/account.go:102.31,103.40 1 1
github.com/gidyon/services/internal/account/account.go:104.25,105.33 1 1
github.com/gidyon/services/internal/account/account.go:106.34,107.43 1 1
github.com/gidyon/services/internal/account/account.go:108.31,109.40 1 1
github.com/gidyon/services/internal/account/account.go:111.16,113.3 1 12
github.com/gidyon/services/internal/account/account.go:117.16,119.3 1 0
github.com/gidyon/services/internal/account/account.go:123.16,125.3 1 0
github.com/gidyon/services/internal/account/account.go:139.61,141.18 2 0
github.com/gidyon/services/internal/account/account.go:144.4,144.14 1 0
github.com/gidyon/services/internal/account/account.go:141.18,143.5 1 0
github.com/gidyon/services/internal/account/account.go:150.16,152.3 1 0
github.com/gidyon/services/internal/account/account.go:156.16,158.3 1 0
github.com/gidyon/services/internal/account/account.go:162.16,164.3 1 0
github.com/gidyon/services/internal/account/account.go:168.16,170.3 1 0
github.com/gidyon/services/internal/account/account.go:177.36,179.22 1 9
github.com/gidyon/services/internal/account/account.go:184.2,185.9 2 8
github.com/gidyon/services/internal/account/account.go:195.2,195.16 1 8
github.com/gidyon/services/internal/account/account.go:200.2,201.16 2 3
github.com/gidyon/services/internal/account/account.go:205.2,212.9 4 3
github.com/gidyon/services/internal/account/account.go:218.2,218.9 1 3
github.com/gidyon/services/internal/account/account.go:238.2,238.22 1 3
github.com/gidyon/services/internal/account/account.go:246.2,246.53 1 3
github.com/gidyon/services/internal/account/account.go:179.22,181.3 1 1
github.com/gidyon/services/internal/account/account.go:186.32,187.34 1 2
github.com/gidyon/services/internal/account/account.go:188.37,189.35 1 1
github.com/gidyon/services/internal/account/account.go:190.70,191.45 1 1
github.com/gidyon/services/internal/account/account.go:192.33,193.40 1 1
github.com/gidyon/services/internal/account/account.go:195.16,197.3 1 5
github.com/gidyon/services/internal/account/account.go:201.16,203.3 1 0
github.com/gidyon/services/internal/account/account.go:213.37,214.84 1 2
github.com/gidyon/services/internal/account/account.go:215.37,216.84 1 1
github.com/gidyon/services/internal/account/account.go:219.18,220.20 1 0
github.com/gidyon/services/internal/account/account.go:221.39,224.17 2 3
github.com/gidyon/services/internal/account/account.go:227.3,229.17 3 3
github.com/gidyon/services/internal/account/account.go:232.3,233.20 2 3
github.com/gidyon/services/internal/account/account.go:234.10,235.49 1 0
github.com/gidyon/services/internal/account/account.go:224.17,226.4 1 0
github.com/gidyon/services/internal/account/account.go:229.17,231.4 1 0
github.com/gidyon/services/internal/account/account.go:238.22,241.17 2 0
github.com/gidyon/services/internal/account/account.go:241.17,243.4 1 0
github.com/gidyon/services/internal/account/account.go:251.36,253.16 1 5
github.com/gidyon/services/internal/account/account.go:258.2,260.9 3 4
github.com/gidyon/services/internal/account/account.go:273.2,274.9 2 1
github.com/gidyon/services/internal/account/account.go:286.2,288.9 3 0
github.com/gidyon/services/internal/account/account.go:296.2,296.69 1 0
github.com/gidyon/services/internal/account/account.go:300.2,300.67 1 0
github.com/gidyon/services/internal/account/account.go:253.16,255.3 1 1
github.com/gidyon/services/internal/account/account.go:261.30,262.46 1 1
github.com/gidyon/services/internal/account/account.go:263.27,264.43 1 1
github.com/gidyon/services/internal/account/account.go:265.10,267.17 2 2
github.com/gidyon/services/internal/account/account.go:267.17,269.4 1 1
github.com/gidyon/services/internal/account/account.go:275.18,276.10 1 0
github.com/gidyon/services/internal/account/account.go:279.40,280.71 1 1
github.com/gidyon/services/internal/account/account.go:281.10,282.46 1 0
github.com/gidyon/services/internal/account/account.go:276.10,278.4 1 0
github.com/gidyon/services/internal/account/account.go:289.18,289.18 0 0
github.com/gidyon/services/internal/account/account.go:290.46,291.58 1 0
github.com/gidyon/services/internal/account/account.go:292.10,293.48 1 0
github.com/gidyon/services/internal/account/account.go:296.69,298.3 1 0
github.com/gidyon/services/internal/account/account.go:305.45,307.24 1 6
github.com/gidyon/services/internal/account/account.go:312.2,314.9 3 5
github.com/gidyon/services/internal/account/account.go:327.2,330.16 2 1
github.com/gidyon/services/internal/account/account.go:335.2,336.9 2 1
github.com/gidyon/services/internal/account/account.go:344.2,346.26 3 1
github.com/gidyon/services/internal/account/account.go:358.2,359.60 1 1
github.com/gidyon/services/internal/account/account.go:364.2,366.16 2 0
github.com/gidyon/services/internal/account/account.go:370.2,370.48 1 0
github.com/gidyon/services/internal/account/account.go:307.24,309.3 1 1
github.com/gidyon/services/internal/account/account.go:315.31,316.41 1 2
github.com/gidyon/services/internal/account/account.go:317.35,318.46 1 1
github.com/gidyon/services/internal/account/account.go:319.10,321.17 2 2
github.com/gidyon/services/internal/account/account.go:321.17,323.4 1 1
github.com/gidyon/services/internal/account/account.go:330.16,332.3 1 0
github.com/gidyon/services/internal/account/account.go:337.24,338.11 1 1
github.com/gidyon/services/internal/account/account.go:338.11,340.4 1 0
github.com/gidyon/services/internal/account/account.go:346.26,347.11 1 1
github.com/gidyon/services/internal/account/account.go:347.11,348.11 1 0
github.com/gidyon/services/internal/account/account.go:349.18,350.75 1 0
github.com/gidyon/services/internal/account/account.go:351.18,352.62 1 0
github.com/gidyon/services/internal/account/account.go:359.60,361.3 1 1
github.com/gidyon/services/internal/account/account.go:366.16,368.3 1 0
github.com/gidyon/services/internal/account/account.go:375.25,377.22 1 6
github.com/gidyon/services/internal/account/account.go:382.2,383.16 2 5
github.com/gidyon/services/internal/account/account.go:388.2,388.9 1 5
github.com/gidyon/services/internal/account/account.go:401.2,404.9 3 2
github.com/gidyon/services/internal/account/account.go:413.2,413.69 1 1
github.com/gidyon/services/internal/account/account.go:417.2,418.16 2 1
github.com/gidyon/services/internal/account/account.go:423.2,427.9 2 1
github.com/gidyon/services/internal/account/account.go:445.2,445.28 1 1
github.com/gidyon/services/internal/account/account.go:377.22,379.3 1 1
github.com/gidyon/services/internal/account/account.go:383.16,385.3 1 0
github.com/gidyon/services/internal/account/account.go:389.32,390.40 1 1
github.com/gidyon/services/internal/account/account.go:391.41,392.45 1 1
github.com/gidyon/services/internal/account/account.go:393.10,395.17 2 3
github.com/gidyon/services/internal/account/account.go:395.17,397.4 1 1
github.com/gidyon/services/internal/account/account.go:405.18,405.18 0 1
github.com/gidyon/services/internal/account/account.go:406.39,407.72 1 1
github.com/gidyon/services/internal/account/account.go:408.10,409.48 1 0
github.com/gidyon/services/internal/account/account.go:413.69,415.3 1 0
github.com/gidyon/services/internal/account/account.go:418.16,420.3 1 0
github.com/gidyon/services/internal/account/account.go:428.18,428.18 0 1
github.com/gidyon/services/internal/account/account.go:429.10,430.42 1 0
github.com/gidyon/services/internal/account/account.go:440.3,440.30 1 0
github.com/gidyon/services/internal/account/account.go:430.42,431.63 1 0
github.com/gidyon/services/internal/account/account.go:434.4,434.63 1 0
github.com/gidyon/services/internal/account/account.go:437.4,437.44 1 0
github.com/gidyon/services/internal/account/account.go:431.63,433.5 1 0
github.com/gidyon/services/internal/account/account.go:434.63,436.5 1 0
github.com/gidyon/services/internal/account/account.go:440.30,442.4 1 0
github.com/gidyon/services/internal/account/account.go:448.43,450.2 1 3
github.com/gidyon/services/internal/account/account.go:454.57,456.16 1 7
github.com/gidyon/services/internal/account/account.go:461.2,462.16 2 6
github.com/gidyon/services/internal/account/account.go:467.2,467.9 1 6
github.com/gidyon/services/internal/account/account.go:477.2,480.9 3 3
github.com/gidyon/services/internal/account/account.go:497.2,501.16 3 2
github.com/gidyon/services/internal/account/account.go:505.2,509.16 3 2
github.com/gidyon/services/internal/account/account.go:514.2,518.16 2 0
github.com/gidyon/services/internal/account/account.go:522.2,540.16 3 0
github.com/gidyon/services/internal/account/account.go:544.2,546.8 1 0
github.com/gidyon/services/internal/account/account.go:456.16,458.3 1 1
github.com/gidyon/services/internal/account/account.go:462.16,464.3 1 0
github.com/gidyon/services/internal/account/account.go:468.25,469.43 1 1
github.com/gidyon/services/internal/account/account.go:470.29,471.48 1 1
github.com/gidyon/services/internal/account/account.go:472.70,473.84 1 1
github.com/gidyon/services/internal/account/account.go:481.18,481.18 0 2
github.com/gidyon/services/internal/account/account.go:482.39,483.42 1 1
github.com/gidyon/services/internal/account/account.go:492.3,492.101 1 1
github.com/gidyon/services/internal/account/account.go:493.10,494.48 1 0
github.com/gidyon/services/internal/account/account.go:483.42,484.63 1 1
github.com/gidyon/services/internal/account/account.go:487.4,487.63 1 1
github.com/gidyon/services/internal/account/account.go:490.4,490.42 1 1
github.com/gidyon/services/internal/account/account.go:484.63,486.5 1 0
github.com/gidyon/services/internal/account/account.go:487.63,489.5 1 0
github.com/gidyon/services/internal/account/account.go:501.16,503.3 1 0
github.com/gidyon/services/internal/account/account.go:509.16,511.3 1 2
github.com/gidyon/services/internal/account/account.go:518.16,520.3 1 0
github.com/gidyon/services/internal/account/account.go:540.16,542.3 1 0
github.com/gidyon/services/internal/account/account.go:551.25,553.29 1 10
github.com/gidyon/services/internal/account/account.go:558.2,559.16 2 9
github.com/gidyon/services/internal/account/account.go:564.2,565.9 2 9
github.com/gidyon/services/internal/account/account.go:580.2,582.9 3 2
github.com/gidyon/services/internal/account/account.go:591.2,591.69 1 1
github.com/gidyon/services/internal/account/account.go:596.2,596.52 1 1
github.com/gidyon/services/internal/account/account.go:623.2,631.16 3 0
github.com/gidyon/services/internal/account/account.go:635.2,635.28 1 0
github.com/gidyon/services/internal/account/account.go:553.29,555.3 1 1
github.com/gidyon/services/internal/account/account.go:559.16,561.3 1 0
github.com/gidyon/services/internal/account/account.go:566.40,567.46 1 1
github.com/gidyon/services/internal/account/account.go:568.46,569.48 1 2
github.com/gidyon/services/internal/account/account.go:570.42,571.48 1 3
github.com/gidyon/services/internal/account/account.go:572.10,574.17 2 3
github.com/gidyon/services/internal/account/account.go:574.17,576.4 1 1
github.com/gidyon/services/internal/account/account.go:583.18,583.18 0 1
github.com/gidyon/services/internal/account/account.go:584.39,585.71 1 1
github.com/gidyon/services/internal/account/account.go:586.10,587.48 1 0
github.com/gidyon/services/internal/account/account.go:591.69,593.3 1 0
github.com/gidyon/services/internal/account/account.go:596.52,599.10 2 1
github.com/gidyon/services/internal/account/account.go:607.3,607.44 1 0
github.com/gidyon/services/internal/account/account.go:612.3,612.98 1 0
github.com/gidyon/services/internal/account/account.go:616.3,617.17 2 0
github.com/gidyon/services/internal/account/account.go:600.19,600.19 0 0
github.com/gidyon/services/internal/account/account.go:601.25,602.74 1 0
github.com/gidyon/services/internal/account/account.go:603.11,604.53 1 1
github.com/gidyon/services/internal/account/account.go:607.44,609.4 1 0
github.com/gidyon/services/internal/account/account.go:612.98,614.4 1 0
github.com/gidyon/services/internal/account/account.go:617.17,619.4 1 0
github.com/gidyon/services/internal/account/account.go:631.16,633.3 1 0
github.com/gidyon/services/internal/account/account.go:640.25,642.19 1 6
github.com/gidyon/services/internal/account/account.go:647.2,648.16 2 5
github.com/gidyon/services/internal/account/account.go:653.2,654.9 2 5
github.com/gidyon/services/internal/account/account.go:665.2,667.9 3 3
github.com/gidyon/services/internal/account/account.go:676.2,676.69 1 2
github.com/gidyon/services/internal/account/account.go:681.2,682.16 2 2
github.com/gidyon/services/internal/account/account.go:686.2,686.28 1 2
github.com/gidyon/services/internal/account/account.go:642.19,644.3 1 1
github.com/gidyon/services/internal/account/account.go:648.16,650.3 1 0
github.com/gidyon/services/internal/account/account.go:655.30,656.45 1 1
github.com/gidyon/services/internal/account/account.go:657.10,659.17 2 4
github.com/gidyon/services/internal/account/account.go:659.17,661.4 1 1
github.com/gidyon/services/internal/account/account.go:668.18,668.18 0 2
github.com/gidyon/services/internal/account/account.go:669.39,670.61 1 1
github.com/gidyon/services/internal/account/account.go:671.10,672.48 1 0
github.com/gidyon/services/internal/account/account.go:676.69,678.3 1 0
github.com/gidyon/services/internal/account/account.go:682.16,684.3 1 0
github.com/gidyon/services/internal/account/account.go:691.29,693.19 1 22
github.com/gidyon/services/internal/account/account.go:698.2,699.16 2 21
github.com/gidyon/services/internal/account/account.go:704.2,705.9 2 21
github.com/gidyon/services/internal/account/account.go:716.2,718.23 2 18
github.com/gidyon/services/internal/account/account.go:727.2,727.9 1 18
github.com/gidyon/services/internal/account/account.go:736.2,736.91 1 13
github.com/gidyon/services/internal/account/account.go:740.2,741.16 2 11
github.com/gidyon/services/internal/account/account.go:745.2,745.59 1 11
github.com/gidyon/services/internal/account/account.go:693.19,695.3 1 1
github.com/gidyon/services/internal/account/account.go:699.16,701.3 1 0
github.com/gidyon/services/internal/account/account.go:706.30,707.46 1 2
github.com/gidyon/services/internal/account/account.go:708.10,710.17 2 19
github.com/gidyon/services/internal/account/account.go:710.17,712.4 1 1
github.com/gidyon/services/internal/account/account.go:718.23,719.41 1 0
github.com/gidyon/services/internal/account/account.go:719.41,721.4 1 0
github.com/gidyon/services/internal/account/account.go:721.9,723.4 1 0
github.com/gidyon/services/internal/account/account.go:724.8,726.3 1 18
github.com/gidyon/services/internal/account/account.go:728.18,728.18 0 13
github.com/gidyon/services/internal/account/account.go:729.39,730.61 1 5
github.com/gidyon/services/internal/account/account.go:731.10,732.48 1 0
github.com/gidyon/services/internal/account/account.go:736.91,738.3 1 2
github.com/gidyon/services/internal/account/account.go:741.16,743.3 1 0
github.com/gidyon/services/internal/account/account.go:750.46,752.2 1 0
github.com/gidyon/services/internal/account/account.go:756.47,758.2 1 0
github.com/gidyon/services/internal/account/account.go:762.42,764.21 1 7
github.com/gidyon/services/internal/account/account.go:769.2,770.16 2 6
github.com/gidyon/services/internal/account/account.go:774.2,781.52 2 6
github.com/gidyon/services/internal/account/account.go:785.2,790.9 3 5
github.com/gidyon/services/internal/account/account.go:764.21,766.3 1 1
github.com/gidyon/services/internal/account/account.go:770.16,772.3 1 0
github.com/gidyon/services/internal/account/account.go:781.52,783.3 1 1
github.com/gidyon/services/internal/account/account.go:791.18,795.9 1 2
github.com/gidyon/services/internal/account/account.go:796.39,800.9 1 3
github.com/gidyon/services/internal/account/account.go:801.10,802.48 1 0
github.com/gidyon/services/internal/account/account.go:810.30,812.20 1 16
github.com/gidyon/services/internal/account/account.go:817.2,818.16 2 15
github.com/gidyon/services/internal/account/account.go:823.2,824.49 2 15
github.com/gidyon/services/internal/account/account.go:828.2,832.21 3 15
github.com/gidyon/services/internal/account/account.go:840.2,847.9 4 14
github.com/gidyon/services/internal/account/account.go:853.2,855.39 2 14
github.com/gidyon/services/internal/account/account.go:864.2,865.38 2 14
github.com/gidyon/services/internal/account/account.go:873.2,876.8 1 14
github.com/gidyon/services/internal/account/account.go:812.20,814.3 1 1
github.com/gidyon/services/internal/account/account.go:818.16,820.3 1 0
github.com/gidyon/services/internal/account/account.go:824.49,826.3 1 15
github.com/gidyon/services/internal/account/account.go:832.21,834.17 2 1
github.com/gidyon/services/internal/account/account.go:837.3,837.20 1 0
github.com/gidyon/services/internal/account/account.go:834.17,836.4 1 1
github.com/gidyon/services/internal/account/account.go:848.18,848.18 0 14
github.com/gidyon/services/internal/account/account.go:849.10,850.49 1 0
github.com/gidyon/services/internal/account/account.go:855.39,857.17 2 23
github.com/gidyon/services/internal/account/account.go:860.3,861.20 2 23
github.com/gidyon/services/internal/account/account.go:857.17,859.4 1 0
github.com/gidyon/services/internal/account/account.go:865.38,868.17 2 0
github.com/gidyon/services/internal/account/account.go:868.17,870.4 1 0
github.com/gidyon/services/internal/account/account.go:882.30,884.22 1 15
github.com/gidyon/services/internal/account/account.go:889.2,890.16 2 14
github.com/gidyon/services/internal/account/account.go:895.2,895.27 1 14
github.com/gidyon/services/internal/account/account.go:902.2,903.49 2 13
github.com/gidyon/services/internal/account/account.go:907.2,911.21 3 13
github.com/gidyon/services/internal/account/account.go:919.2,929.9 5 12
github.com/gidyon/services/internal/account/account.go:935.2,937.39 2 12
github.com/gidyon/services/internal/account/account.go:946.2,947.38 2 12
github.com/gidyon/services/internal/account/account.go:955.2,958.8 1 12
github.com/gidyon/services/internal/account/account.go:884.22,886.3 1 1
github.com/gidyon/services/internal/account/account.go:890.16,892.3 1 0
github.com/gidyon/services/internal/account/account.go:895.27,899.3 1 1
github.com/gidyon/services/internal/account/account.go:903.49,905.3 1 13
github.com/gidyon/services/internal/account/account.go:911.21,913.17 2 1
github.com/gidyon/services/internal/account/account.go:916.3,916.20 1 0
github.com/gidyon/services/internal/account/account.go:913.17,915.4 1 1
github.com/gidyon/services/internal/account/account.go:930.18,930.18 0 12
github.com/gidyon/services/internal/account/account.go:931.10,932.49 1 0
github.com/gidyon/services/internal/account/account.go:937.39,939.17 2 43
github.com/gidyon/services/internal/account/account.go:942.3,943.20 2 43
github.com/gidyon/services/internal/account/account.go:939.17,941.4 1 0
github.com/gidyon/services/internal/account/account.go:947.38,950.17 2 0
github.com/gidyon/services/internal/account/account.go:950.17,952.4 1 0
github.com/gidyon/services/internal/account/account.go:961.79,962.41 1 26
github.com/gidyon/services/internal/account/account.go:967.2,967.9 1 24
github.com/gidyon/services/internal/account/account.go:977.2,977.9 1 24
github.com/gidyon/services/internal/account/account.go:985.2,985.33 1 24
github.com/gidyon/services/internal/account/account.go:1007.2,1007.34 1 24
github.com/gidyon/services/internal/account/account.go:1011.2,1011.11 1 24
github.com/gidyon/services/internal/account/account.go:962.41,964.3 1 2
github.com/gidyon/services/internal/account/account.go:968.35,969.75 1 8
github.com/gidyon/services/internal/account/account.go:970.37,971.77 1 4
github.com/gidyon/services/internal/account/account.go:972.36,973.76 1 2
github.com/gidyon/services/internal/account/account.go:978.28,979.40 1 4
github.com/gidyon/services/internal/account/account.go:980.26,981.38 1 2
github.com/gidyon/services/internal/account/account.go:985.33,987.10 2 2
github.com/gidyon/services/internal/account/account.go:988.110,992.5 1 0
github.com/gidyon/services/internal/account/account.go:993.34,996.5 1 2
github.com/gidyon/services/internal/account/account.go:997.33,998.38 1 0
github.com/gidyon/services/internal/account/account.go:998.38,1002.5 1 0
github.com/gidyon/services/internal/account/account.go:1007.34,1009.3 1 2
github.com/gidyon/services/internal/account/change.go:26.21,28.22 1 53
github.com/gidyon/services/internal/account/change.go:33.2,34.16 2 47
github.com/gidyon/services/internal/account/change.go:38.2,43.9 4 47
github.com/gidyon/services/internal/account/change.go:62.2,65.9 3 24
github.com/gidyon/services/internal/account/change.go:74.2,74.64 1 22
github.com/gidyon/services/internal/account/change.go:79.2,79.45 1 16
github.com/gidyon/services/internal/account/change.go:84.2,86.9 3 16
github.com/gidyon/services/internal/account/change.go:94.2,94.23 1 14
github.com/gidyon/services/internal/account/change.go:28.22,30.3 1 6
github.com/gidyon/services/internal/account/change.go:34.16,36.3 1 0
github.com/gidyon/services/internal/account/change.go:44.23,45.46 1 6
github.com/gidyon/services/internal/account/change.go:46.21,47.44 1 6
github.com/gidyon/services/internal/account/change.go:48.89,49.84 1 5
github.com/gidyon/services/internal/account/change.go:50.10,52.17 2 30
github.com/gidyon/services/internal/account/change.go:55.3,56.17 2 27
github.com/gidyon/services/internal/account/change.go:52.17,54.4 1 3
github.com/gidyon/services/internal/account/change.go:56.17,58.4 1 3
github.com/gidyon/services/internal/account/change.go:66.18,66.18 0 22
github.com/gidyon/services/internal/account/change.go:67.39,68.102 1 2
github.com/gidyon/services/internal/account/change.go:69.10,70.46 1 0
github.com/gidyon/services/internal/account/change.go:74.64,76.3 1 6
github.com/gidyon/services/internal/account/change.go:79.45,81.3 1 0
github.com/gidyon/services/internal/account/change.go:87.18,87.18 0 14
github.com/gidyon/services/internal/account/change.go:88.39,89.96 1 2
github.com/gidyon/services/internal/account/change.go:90.10,91.49 1 0
github.com/gidyon/services/internal/account/change.go:99.25,102.16 2 53
github.com/gidyon/services/internal/account/change.go:106.2,116.15 3 14
github.com/gidyon/services/internal/account/change.go:122.2,122.21 1 14
github.com/gidyon/services/internal/account/change.go:127.2,129.35 2 14
github.com/gidyon/services/internal/account/change.go:225.2,235.16 4 11
github.com/gidyon/services/internal/account/change.go:241.2,253.16 2 11
github.com/gidyon/services/internal/account/change.go:259.2,260.16 2 11
github.com/gidyon/services/internal/account/change.go:265.2,265.28 1 11
github.com/gidyon/services/internal/account/change.go:102.16,104.3 1 39
github.com/gidyon/services/internal/account/change.go:116.15,117.35 1 14
github.com/gidyon/services/internal/account/change.go:117.35,119.4 1 0
github.com/gidyon/services/internal/account/change.go:122.21,124.3 1 0
github.com/gidyon/services/internal/account/change.go:130.40,132.17 2 1
github.com/gidyon/services/internal/account/change.go:136.3,140.4 3 1
github.com/gidyon/services/internal/account/change.go:142.38,144.17 2 1
github.com/gidyon/services/internal/account/change.go:148.3,152.4 3 1
github.com/gidyon/services/internal/account/change.go:154.39,156.70 1 2
github.com/gidyon/services/internal/account/change.go:160.3,161.17 2 1
github.com/gidyon/services/internal/account/change.go:165.3,169.4 3 1
github.com/gidyon/services/internal/account/change.go:171.37,173.69 1 3
github.com/gidyon/services/internal/account/change.go:177.3,178.17 2 2
github.com/gidyon/services/internal/account/change.go:182.3,186.4 3 2
github.com/gidyon/services/internal/account/change.go:188.44,190.69 1 2
github.com/gidyon/services/internal/account/change.go:195.3,196.17 2 1
github.com/gidyon/services/internal/account/change.go:200.3,201.17 2 1
github.com/gidyon/services/internal/account/change.go:205.3,209.4 3 1
github.com/gidyon/services/internal/account/change.go:211.46,213.17 2 5
github.com/gidyon/services/internal/account/change.go:217.3,221.4 3 5
github.com/gidyon/services/internal/account/change.go:132.17,135.4 2 0
github.com/gidyon/services/internal/account/change.go:144.17,147.4 2 0
github.com/gidyon/services/internal/account/change.go:156.70,159.4 2 1
github.com/gidyon/services/internal/account/change.go:161.17,164.4 2 0
github.com/gidyon/services/internal/account/change.go:173.69,176.4 2 1
github.com/gidyon/services/internal/account/change.go:178.17,181.4 2 0
github.com/gidyon/services/internal/account/change.go:190.69,193.4 2 1
github.com/gidyon/services/internal/account/change.go:196.17,199.4 2 0
github.com/gidyon/services/internal/account/change.go:201.17,204.4 2 0
github.com/gidyon/services/internal/account/change.go:213.17,216.4 2 0
github.com/gidyon/services/internal/account/change.go:235.16,238.3 2 0
github.com/gidyon/services/internal/account/change.go:253.16,256.3 2 0
github.com/gidyon/services/internal/account/change.go:260.16,263.3 2 0
github.com/gidyon/services/internal/account/create.go:23.43,25.22 1 33
github.com/gidyon/services/internal/account/create.go:30.2,31.16 2 32
github.com/gidyon/services/internal/account/create.go:35.2,36.22 2 32
github.com/gidyon/services/internal/account/create.go:41.2,41.9 1 32
github.com/gidyon/services/internal/account/create.go:51.2,51.16 1 32
github.com/gidyon/services/internal/account/create.go:55.2,56.16 2 28
github.com/gidyon/services/internal/account/create.go:60.2,62.28 2 28
github.com/gidyon/services/internal/account/create.go:78.2,81.27 3 28
github.com/gidyon/services/internal/account/create.go:95.2,98.15 2 28
github.com/gidyon/services/internal/account/create.go:104.2,104.21 1 28
github.com/gidyon/services/internal/account/create.go:109.2,110.9 2 28
github.com/gidyon/services/internal/account/create.go:146.2,149.41 2 26
github.com/gidyon/services/internal/account/create.go:154.2,154.32 1 26
github.com/gidyon/services/internal/account/create.go:215.2,217.8 1 26
github.com/gidyon/services/internal/account/create.go:25.22,27.3 1 1
github.com/gidyon/services/internal/account/create.go:31.16,33.3 1 0
github.com/gidyon/services/internal/account/create.go:36.22,38.3 1 0
github.com/gidyon/services/internal/account/create.go:42.29,43.35 1 1
github.com/gidyon/services/internal/account/create.go:44.29,45.35 1 1
github.com/gidyon/services/internal/account/create.go:46.54,47.59 1 1
github.com/gidyon/services/internal/account/create.go:48.57,49.38 1 1
github.com/gidyon/services/internal/account/create.go:51.16,53.3 1 4
github.com/gidyon/services/internal/account/create.go:56.16,58.3 1 0
github.com/gidyon/services/internal/account/create.go:62.28,65.17 2 1
github.com/gidyon/services/internal/account/create.go:68.3,68.32 1 1
github.com/gidyon/services/internal/account/create.go:75.3,75.45 1 1
github.com/gidyon/services/internal/account/create.go:65.17,67.4 1 0
github.com/gidyon/services/internal/account/create.go:68.32,71.12 2 1
github.com/gidyon/services/internal/account/create.go:71.12,73.5 1 0
github.com/gidyon/services/internal/account/create.go:81.27,85.36 3 27
github.com/gidyon/services/internal/account/create.go:85.36,87.18 2 27
github.com/gidyon/services/internal/account/create.go:90.4,90.32 1 27
github.com/gidyon/services/internal/account/create.go:87.18,89.5 1 0
github.com/gidyon/services/internal/account/create.go:98.15,99.35 1 28
github.com/gidyon/services/internal/account/create.go:99.35,101.4 1 0
github.com/gidyon/services/internal/account/create.go:104.21,107.3 2 0
github.com/gidyon/services/internal/account/create.go:111.18,111.18 0 26
github.com/gidyon/services/internal/account/create.go:112.10,113.52 1 2
github.com/gidyon/services/internal/account/create.go:123.3,123.30 1 2
github.com/gidyon/services/internal/account/create.go:142.3,143.49 2 0
github.com/gidyon/services/internal/account/create.go:113.52,114.63 1 2
github.com/gidyon/services/internal/account/create.go:117.4,117.63 1 1
github.com/gidyon/services/internal/account/create.go:120.4,120.41 1 0
github.com/gidyon/services/internal/account/create.go:114.63,116.5 1 1
github.com/gidyon/services/internal/account/create.go:117.63,119.5 1 1
github.com/gidyon/services/internal/account/create.go:123.30,125.33 1 2
github.com/gidyon/services/internal/account/create.go:138.4,139.54 2 2
github.com/gidyon/services/internal/account/create.go:125.33,127.31 1 0
github.com/gidyon/services/internal/account/create.go:127.31,130.20 2 0
github.com/gidyon/services/internal/account/create.go:134.6,134.11 1 0
github.com/gidyon/services/internal/account/create.go:130.20,133.7 2 0
github.com/gidyon/services/internal/account/create.go:149.41,152.3 2 0
github.com/gidyon/services/internal/account/create.go:154.32,162.17 2 26
github.com/gidyon/services/internal/account/create.go:167.3,167.48 1 26
github.com/gidyon/services/internal/account/create.go:178.3,191.29 2 26
github.com/gidyon/services/internal/account/create.go:209.3,210.17 2 26
github.com/gidyon/services/internal/account/create.go:162.17,164.4 1 0
github.com/gidyon/services/internal/account/create.go:167.48,168.29 1 26
github.com/gidyon/services/internal/account/create.go:171.4,171.29 1 1
github.com/gidyon/services/internal/account/create.go:174.4,174.87 1 0
github.com/gidyon/services/internal/account/create.go:168.29,170.5 1 25
github.com/gidyon/services/internal/account/create.go:171.29,173.5 1 1
github.com/gidyon/services/internal/account/create.go:191.29,206.4 1 1
github.com/gidyon/services/internal/account/create.go:210.17,212.4 1 0
github.com/gidyon/services/internal/account/login.go:21.44,24.2 2 0
github.com/gidyon/services/internal/account/login.go:26.31,29.2 2 7
github.com/gidyon/services/internal/account/login.go:33.36,35.22 1 10
github.com/gidyon/services/internal/account/login.go:40.2,41.9 2 9
github.com/gidyon/services/internal/account/login.go:47.2,47.16 1 9
github.com/gidyon/services/internal/account/login.go:51.2,57.9 3 7
github.com/gidyon/services/internal/account/login.go:75.2,75.30 1 5
github.com/gidyon/services/internal/account/login.go:81.2,82.16 2 4
github.com/gidyon/services/internal/account/login.go:87.2,87.53 1 4
github.com/gidyon/services/internal/account/login.go:92.2,93.16 2 4
github.com/gidyon/services/internal/account/login.go:97.2,97.71 1 4
github.com/gidyon/services/internal/account/login.go:35.22,37.3 1 1
github.com/gidyon/services/internal/account/login.go:42.32,43.38 1 1
github.com/gidyon/services/internal/account/login.go:44.32,45.38 1 1
github.com/gidyon/services/internal/account/login.go:47.16,49.3 1 2
github.com/gidyon/services/internal/account/login.go:58.18,58.18 0 5
github.com/gidyon/services/internal/account/login.go:59.39,60.33 1 2
github.com/gidyon/services/internal/account/login.go:69.3,69.93 1 2
github.com/gidyon/services/internal/account/login.go:70.10,71.48 1 0
github.com/gidyon/services/internal/account/login.go:60.33,61.49 1 2
github.com/gidyon/services/internal/account/login.go:64.4,64.49 1 1
github.com/gidyon/services/internal/account/login.go:67.4,67.43 1 1
github.com/gidyon/services/internal/account/login.go:61.49,63.5 1 1
github.com/gidyon/services/internal/account/login.go:64.49,66.5 1 0
github.com/gidyon/services/internal/account/login.go:75.30,79.3 1 1
github.com/gidyon/services/internal/account/login.go:82.16,84.3 1 0
github.com/gidyon/services/internal/account/login.go:87.53,89.3 1 0
github.com/gidyon/services/internal/account/login.go:93.16,95.3 1 0
github.com/gidyon/services/internal/account/login.go:102.36,112.41 3 7
github.com/gidyon/services/internal/account/login.go:119.2,120.23 2 7
github.com/gidyon/services/internal/account/login.go:156.2,157.16 2 6
github.com/gidyon/services/internal/account/login.go:162.2,163.16 2 0
github.com/gidyon/services/internal/account/login.go:197.2,198.16 2 0
github.com/gidyon/services/internal/account/login.go:203.2,209.8 1 0
github.com/gidyon/services/internal/account/login.go:112.41,114.17 2 0
github.com/gidyon/services/internal/account/login.go:114.17,116.4 1 0
github.com/gidyon/services/internal/account/login.go:120.23,122.73 2 4
github.com/gidyon/services/internal/account/login.go:138.3,138.13 1 4
github.com/gidyon/services/internal/account/login.go:122.73,124.28 2 4
github.com/gidyon/services/internal/account/login.go:124.28,132.19 3 3
github.com/gidyon/services/internal/account/login.go:135.5,135.10 1 3
github.com/gidyon/services/internal/account/login.go:132.19,134.6 1 0
github.com/gidyon/services/internal/account/login.go:138.13,141.4 1 1
github.com/gidyon/services/internal/account/login.go:142.8,150.17 3 3
github.com/gidyon/services/internal/account/login.go:150.17,152.4 1 0
github.com/gidyon/services/internal/account/login.go:157.16,159.3 1 6
github.com/gidyon/services/internal/account/login.go:163.16,173.17 3 0
github.com/gidyon/services/internal/account/login.go:178.3,182.17 5 0
github.com/gidyon/services/internal/account/login.go:187.3,191.17 5 0
github.com/gidyon/services/internal/account/login.go:173.17,175.4 1 0
github.com/gidyon/services/internal/account/login.go:182.17,184.4 1 0
github.com/gidyon/services/internal/account/login.go:191.17,193.4 1 0
github.com/gidyon/services/internal/account/login.go:198.16,200.3 1 0
github.com/gidyon/services/internal/account/model.go:34.38,36.2 1 574
github.com/gidyon/services/internal/account/model.go:39.56,43.19 3 41
github.com/gidyon/services/internal/account/model.go:49.2,49.19 1 41
github.com/gidyon/services/internal/account/model.go:55.2,55.24 1 41
github.com/gidyon/services/internal/account/model.go:62.2,62.12 1 41
github.com/gidyon/services/internal/account/model.go:43.19,45.17 2 2
github.com/gidyon/services/internal/account/model.go:45.17,47.4 1 0
github.com/gidyon/services/internal/account/model.go:49.19,51.17 2 2
github.com/gidyon/services/internal/account/model.go:51.17,53.4 1 0
github.com/gidyon/services/internal/account/model.go:55.24,57.17 2 41
github.com/gidyon/services/internal/account/model.go:57.17,59.4 1 0
github.com/gidyon/services/internal/account/model.go:66.43,68.26 2 128
github.com/gidyon/services/internal/account/model.go:71.2,71.26 1 128
github.com/gidyon/services/internal/account/model.go:74.2,74.31 1 128
github.com/gidyon/services/internal/account/model.go:77.2,77.8 1 128
github.com/gidyon/services/internal/account/model.go:68.26,70.3 1 0
github.com/gidyon/services/internal/account/model.go:71.26,73.3 1 8
github.com/gidyon/services/internal/account/model.go:74.31,76.3 1 88
github.com/gidyon/services/internal/account/model.go:80.65,81.22 1 81
github.com/gidyon/services/internal/account/model.go:85.2,100.23 2 81
github.com/gidyon/services/internal/account/model.go:81.22,83.3 1 0
github.com/gidyon/services/internal/account/model.go:103.65,104.22 1 44
github.com/gidyon/services/internal/account/model.go:108.2,122.23 2 44
github.com/gidyon/services/internal/account/model.go:104.22,106.3 1 0
github.com/gidyon/services/internal/account/model.go:125.94,126.22 1 77
github.com/gidyon/services/internal/account/model.go:129.2,129.14 1 77
github.com/gidyon/services/internal/account/model.go:126.22,128.3 1 0
github.com/gidyon/services/internal/account/model.go:130.70,139.4 1 3
github.com/gidyon/services/internal/account/model.go:140.10,141.19 1 74
github.com/gidyon/services/internal/account/pass.go:8.47,10.16 2 27
github.com/gidyon/services/internal/account/pass.go:14.2,14.33 1 27
github.com/gidyon/services/internal/account/pass.go:10.16,12.3 1 0
github.com/gidyon/services/internal/account/pass.go:18.57,20.2 1 4
