mode: atomic
github.com/gidyon/services/internal/messaging/call/call.go:25.86,28.9 2 6
github.com/gidyon/services/internal/messaging/call/call.go:38.2,38.16 1 6
github.com/gidyon/services/internal/messaging/call/call.go:43.2,47.21 2 2
github.com/gidyon/services/internal/messaging/call/call.go:29.18,30.34 1 1
github.com/gidyon/services/internal/messaging/call/call.go:31.18,32.34 1 1
github.com/gidyon/services/internal/messaging/call/call.go:33.25,34.33 1 1
github.com/gidyon/services/internal/messaging/call/call.go:35.26,36.35 1 1
github.com/gidyon/services/internal/messaging/call/call.go:38.16,40.3 1 4
github.com/gidyon/services/internal/messaging/call/call.go:52.25,54.20 1 5
github.com/gidyon/services/internal/messaging/call/call.go:59.2,60.16 2 4
github.com/gidyon/services/internal/messaging/call/call.go:65.2,66.16 2 4
github.com/gidyon/services/internal/messaging/call/call.go:72.2,72.28 1 1
github.com/gidyon/services/internal/messaging/call/call.go:54.20,56.3 1 1
github.com/gidyon/services/internal/messaging/call/call.go:60.16,62.3 1 0
github.com/gidyon/services/internal/messaging/call/call.go:66.16,68.3 1 3
github.com/gidyon/services/internal/messaging/call/call.go:75.51,77.9 2 4
github.com/gidyon/services/internal/messaging/call/call.go:85.2,85.12 1 4
github.com/gidyon/services/internal/messaging/call/call.go:78.42,79.48 1 1
github.com/gidyon/services/internal/messaging/call/call.go:80.28,81.37 1 1
github.com/gidyon/services/internal/messaging/call/call.go:82.28,83.37 1 1
