mode: atomic
github.com/gidyon/services/internal/messaging/call/call.go:25.86,28.9 2 6
github.com/gidyon/services/internal/messaging/call/call.go:38.2,38.16 1 6
github.com/gidyon/services/internal/messaging/call/call.go:43.2,44.16 2 2
github.com/gidyon/services/internal/messaging/call/call.go:49.2,54.21 2 2
github.com/gidyon/services/internal/messaging/call/call.go:29.18,30.34 1 1
github.com/gidyon/services/internal/messaging/call/call.go:31.18,32.34 1 1
github.com/gidyon/services/internal/messaging/call/call.go:33.25,34.33 1 1
github.com/gidyon/services/internal/messaging/call/call.go:35.32,36.34 1 1
github.com/gidyon/services/internal/messaging/call/call.go:38.16,40.3 1 4
github.com/gidyon/services/internal/messaging/call/call.go:44.16,46.3 1 0
github.com/gidyon/services/internal/messaging/call/call.go:59.25,61.20 1 5
github.com/gidyon/services/internal/messaging/call/call.go:66.2,67.16 2 4
github.com/gidyon/services/internal/messaging/call/call.go:72.2,73.16 2 4
github.com/gidyon/services/internal/messaging/call/call.go:79.2,79.28 1 1
github.com/gidyon/services/internal/messaging/call/call.go:61.20,63.3 1 1
github.com/gidyon/services/internal/messaging/call/call.go:67.16,69.3 1 0
github.com/gidyon/services/internal/messaging/call/call.go:73.16,75.3 1 3
github.com/gidyon/services/internal/messaging/call/call.go:82.51,84.9 2 4
github.com/gidyon/services/internal/messaging/call/call.go:92.2,92.12 1 4
github.com/gidyon/services/internal/messaging/call/call.go:85.42,86.48 1 1
github.com/gidyon/services/internal/messaging/call/call.go:87.28,88.37 1 1
github.com/gidyon/services/internal/messaging/call/call.go:89.28,90.37 1 1
