mode: atomic
github.com/gidyon/services/internal/messaging/messaging.go:54.95,57.9 2 15
github.com/gidyon/services/internal/messaging/messaging.go:85.2,85.16 1 15
github.com/gidyon/services/internal/messaging/messaging.go:89.2,94.54 2 2
github.com/gidyon/services/internal/messaging/messaging.go:101.2,101.17 1 2
github.com/gidyon/services/internal/messaging/messaging.go:58.18,59.42 1 1
github.com/gidyon/services/internal/messaging/messaging.go:60.18,61.34 1 1
github.com/gidyon/services/internal/messaging/messaging.go:62.30,63.45 1 1
github.com/gidyon/services/internal/messaging/messaging.go:64.29,65.44 1 1
github.com/gidyon/services/internal/messaging/messaging.go:66.35,67.57 1 1
github.com/gidyon/services/internal/messaging/messaging.go:68.26,69.48 1 1
github.com/gidyon/services/internal/messaging/messaging.go:70.25,71.41 1 1
github.com/gidyon/services/internal/messaging/messaging.go:72.30,73.47 1 1
github.com/gidyon/services/internal/messaging/messaging.go:74.29,75.47 1 1
github.com/gidyon/services/internal/messaging/messaging.go:76.29,77.48 1 1
github.com/gidyon/services/internal/messaging/messaging.go:78.28,79.45 1 1
github.com/gidyon/services/internal/messaging/messaging.go:80.29,81.46 1 1
github.com/gidyon/services/internal/messaging/messaging.go:82.35,83.52 1 1
github.com/gidyon/services/internal/messaging/messaging.go:85.16,87.3 1 13
github.com/gidyon/services/internal/messaging/messaging.go:94.54,96.17 2 0
github.com/gidyon/services/internal/messaging/messaging.go:96.17,98.4 1 0
github.com/gidyon/services/internal/messaging/messaging.go:104.52,107.9 2 23
github.com/gidyon/services/internal/messaging/messaging.go:122.2,122.12 1 23
github.com/gidyon/services/internal/messaging/messaging.go:108.18,109.34 1 1
github.com/gidyon/services/internal/messaging/messaging.go:110.24,111.37 1 1
github.com/gidyon/services/internal/messaging/messaging.go:112.23,113.35 1 2
github.com/gidyon/services/internal/messaging/messaging.go:114.22,115.34 1 2
github.com/gidyon/services/internal/messaging/messaging.go:116.29,117.37 1 2
github.com/gidyon/services/internal/messaging/messaging.go:118.33,119.42 1 1
github.com/gidyon/services/internal/messaging/messaging.go:120.10,120.10 0 14
github.com/gidyon/services/internal/messaging/messaging.go:127.25,131.9 2 12
github.com/gidyon/services/internal/messaging/messaging.go:144.2,145.16 2 6
github.com/gidyon/services/internal/messaging/messaging.go:150.2,151.16 2 6
github.com/gidyon/services/internal/messaging/messaging.go:155.2,155.22 1 6
github.com/gidyon/services/internal/messaging/messaging.go:132.18,133.56 1 1
github.com/gidyon/services/internal/messaging/messaging.go:134.30,135.42 1 1
github.com/gidyon/services/internal/messaging/messaging.go:136.10,138.17 2 10
github.com/gidyon/services/internal/messaging/messaging.go:138.17,140.4 1 4
github.com/gidyon/services/internal/messaging/messaging.go:145.16,147.3 1 0
github.com/gidyon/services/internal/messaging/messaging.go:151.16,153.3 1 0
github.com/gidyon/services/internal/messaging/messaging.go:160.9,171.18 3 6
github.com/gidyon/services/internal/messaging/messaging.go:283.2,283.12 1 6
github.com/gidyon/services/internal/messaging/messaging.go:171.18,181.17 2 6
github.com/gidyon/services/internal/messaging/messaging.go:186.3,188.59 2 6
github.com/gidyon/services/internal/messaging/messaging.go:193.3,193.73 1 6
github.com/gidyon/services/internal/messaging/messaging.go:181.17,183.4 1 0
github.com/gidyon/services/internal/messaging/messaging.go:188.59,190.4 1 6
github.com/gidyon/services/internal/messaging/messaging.go:193.73,198.10 3 6
github.com/gidyon/services/internal/messaging/messaging.go:202.4,206.45 4 6
github.com/gidyon/services/internal/messaging/messaging.go:226.4,226.52 1 6
github.com/gidyon/services/internal/messaging/messaging.go:198.10,200.5 1 0
github.com/gidyon/services/internal/messaging/messaging.go:206.45,212.22 4 18
github.com/gidyon/services/internal/messaging/messaging.go:212.22,215.20 3 18
github.com/gidyon/services/internal/messaging/messaging.go:218.6,219.20 2 18
github.com/gidyon/services/internal/messaging/messaging.go:215.20,217.7 1 0
github.com/gidyon/services/internal/messaging/messaging.go:219.20,222.7 2 0
github.com/gidyon/services/internal/messaging/messaging.go:226.52,227.23 1 6
github.com/gidyon/services/internal/messaging/messaging.go:228.55,228.55 0 1
github.com/gidyon/services/internal/messaging/messaging.go:229.37,232.27 3 2
github.com/gidyon/services/internal/messaging/messaging.go:235.6,244.20 2 2
github.com/gidyon/services/internal/messaging/messaging.go:247.37,256.20 2 1
github.com/gidyon/services/internal/messaging/messaging.go:259.36,265.20 2 1
github.com/gidyon/services/internal/messaging/messaging.go:268.36,275.20 2 1
github.com/gidyon/services/internal/messaging/messaging.go:232.27,234.7 1 0
github.com/gidyon/services/internal/messaging/messaging.go:244.20,246.7 1 0
github.com/gidyon/services/internal/messaging/messaging.go:256.20,258.7 1 0
github.com/gidyon/services/internal/messaging/messaging.go:265.20,267.7 1 0
github.com/gidyon/services/internal/messaging/messaging.go:275.20,277.7 1 0
github.com/gidyon/services/internal/messaging/messaging.go:286.38,287.25 1 10
github.com/gidyon/services/internal/messaging/messaging.go:292.2,292.11 1 5
github.com/gidyon/services/internal/messaging/messaging.go:287.25,288.14 1 25
github.com/gidyon/services/internal/messaging/messaging.go:288.14,290.4 1 5
github.com/gidyon/services/internal/messaging/messaging.go:297.43,300.16 2 14
github.com/gidyon/services/internal/messaging/messaging.go:305.2,305.9 1 14
github.com/gidyon/services/internal/messaging/messaging.go:317.2,326.16 5 8
github.com/gidyon/services/internal/messaging/messaging.go:331.2,331.50 1 8
github.com/gidyon/services/internal/messaging/messaging.go:387.2,390.19 2 8
github.com/gidyon/services/internal/messaging/messaging.go:402.2,404.8 1 8
github.com/gidyon/services/internal/messaging/messaging.go:300.16,302.3 1 0
github.com/gidyon/services/internal/messaging/messaging.go:306.22,307.45 1 1
github.com/gidyon/services/internal/messaging/messaging.go:308.30,309.40 1 0
github.com/gidyon/services/internal/messaging/messaging.go:310.10,312.17 2 13
github.com/gidyon/services/internal/messaging/messaging.go:312.17,314.4 1 5
github.com/gidyon/services/internal/messaging/messaging.go:326.16,328.3 1 0
github.com/gidyon/services/internal/messaging/messaging.go:331.50,332.21 1 8
github.com/gidyon/services/internal/messaging/messaging.go:333.53,333.53 0 1
github.com/gidyon/services/internal/messaging/messaging.go:334.35,337.25 3 3
github.com/gidyon/services/internal/messaging/messaging.go:341.4,350.18 2 3
github.com/gidyon/services/internal/messaging/messaging.go:353.35,362.18 2 1
github.com/gidyon/services/internal/messaging/messaging.go:365.34,371.18 2 1
github.com/gidyon/services/internal/messaging/messaging.go:374.34,381.18 2 1
github.com/gidyon/services/internal/messaging/messaging.go:337.25,339.5 1 0
github.com/gidyon/services/internal/messaging/messaging.go:350.18,352.5 1 0
github.com/gidyon/services/internal/messaging/messaging.go:362.18,364.5 1 0
github.com/gidyon/services/internal/messaging/messaging.go:371.18,373.5 1 0
github.com/gidyon/services/internal/messaging/messaging.go:381.18,383.5 1 0
github.com/gidyon/services/internal/messaging/messaging.go:390.19,392.17 2 8
github.com/gidyon/services/internal/messaging/messaging.go:395.3,396.17 2 8
github.com/gidyon/services/internal/messaging/messaging.go:399.3,399.19 1 8
github.com/gidyon/services/internal/messaging/messaging.go:392.17,394.4 1 0
github.com/gidyon/services/internal/messaging/messaging.go:396.17,398.4 1 0
github.com/gidyon/services/internal/messaging/messaging.go:414.32,417.16 2 8
github.com/gidyon/services/internal/messaging/messaging.go:422.2,423.9 2 8
github.com/gidyon/services/internal/messaging/messaging.go:433.2,434.49 2 6
github.com/gidyon/services/internal/messaging/messaging.go:438.2,440.21 3 6
github.com/gidyon/services/internal/messaging/messaging.go:448.2,449.12 2 5
github.com/gidyon/services/internal/messaging/messaging.go:453.2,453.51 1 5
github.com/gidyon/services/internal/messaging/messaging.go:468.2,470.43 2 5
github.com/gidyon/services/internal/messaging/messaging.go:475.2,475.16 1 5
github.com/gidyon/services/internal/messaging/messaging.go:479.2,481.39 2 5
github.com/gidyon/services/internal/messaging/messaging.go:491.2,492.38 2 5
github.com/gidyon/services/internal/messaging/messaging.go:500.2,503.8 1 5
github.com/gidyon/services/internal/messaging/messaging.go:417.16,419.3 1 0
github.com/gidyon/services/internal/messaging/messaging.go:424.22,425.52 1 1
github.com/gidyon/services/internal/messaging/messaging.go:426.45,428.17 2 5
github.com/gidyon/services/internal/messaging/messaging.go:428.17,430.4 1 1
github.com/gidyon/services/internal/messaging/messaging.go:434.49,436.3 1 6
github.com/gidyon/services/internal/messaging/messaging.go:440.21,442.17 2 1
github.com/gidyon/services/internal/messaging/messaging.go:445.3,445.20 1 0
github.com/gidyon/services/internal/messaging/messaging.go:442.17,444.4 1 1
github.com/gidyon/services/internal/messaging/messaging.go:449.12,451.3 1 0
github.com/gidyon/services/internal/messaging/messaging.go:453.51,456.64 3 2
github.com/gidyon/services/internal/messaging/messaging.go:463.3,463.13 1 2
github.com/gidyon/services/internal/messaging/messaging.go:456.64,458.44 2 4
github.com/gidyon/services/internal/messaging/messaging.go:458.44,460.10 2 1
github.com/gidyon/services/internal/messaging/messaging.go:463.13,465.4 1 1
github.com/gidyon/services/internal/messaging/messaging.go:470.43,472.3 1 3
github.com/gidyon/services/internal/messaging/messaging.go:472.8,474.3 1 2
github.com/gidyon/services/internal/messaging/messaging.go:475.16,477.3 1 0
github.com/gidyon/services/internal/messaging/messaging.go:481.39,483.17 2 23
github.com/gidyon/services/internal/messaging/messaging.go:487.3,488.20 2 23
github.com/gidyon/services/internal/messaging/messaging.go:483.17,485.4 1 0
github.com/gidyon/services/internal/messaging/messaging.go:492.38,495.17 2 2
github.com/gidyon/services/internal/messaging/messaging.go:495.17,497.4 1 0
github.com/gidyon/services/internal/messaging/messaging.go:508.25,511.16 2 4
github.com/gidyon/services/internal/messaging/messaging.go:515.2,518.9 2 4
github.com/gidyon/services/internal/messaging/messaging.go:531.2,533.16 2 1
github.com/gidyon/services/internal/messaging/messaging.go:537.2,537.22 1 1
github.com/gidyon/services/internal/messaging/messaging.go:511.16,513.3 1 0
github.com/gidyon/services/internal/messaging/messaging.go:519.22,520.47 1 1
github.com/gidyon/services/internal/messaging/messaging.go:521.28,522.43 1 1
github.com/gidyon/services/internal/messaging/messaging.go:523.10,525.17 2 2
github.com/gidyon/services/internal/messaging/messaging.go:525.17,527.4 1 1
github.com/gidyon/services/internal/messaging/messaging.go:533.16,535.3 1 0
github.com/gidyon/services/internal/messaging/messaging.go:542.40,550.9 2 4
github.com/gidyon/services/internal/messaging/messaging.go:563.2,564.16 2 1
github.com/gidyon/services/internal/messaging/messaging.go:568.2,571.16 3 1
github.com/gidyon/services/internal/messaging/messaging.go:575.2,577.8 1 1
github.com/gidyon/services/internal/messaging/messaging.go:551.21,552.47 1 1
github.com/gidyon/services/internal/messaging/messaging.go:553.27,554.43 1 1
github.com/gidyon/services/internal/messaging/messaging.go:555.10,557.17 2 2
github.com/gidyon/services/internal/messaging/messaging.go:557.17,559.4 1 1
github.com/gidyon/services/internal/messaging/messaging.go:564.16,566.3 1 0
github.com/gidyon/services/internal/messaging/messaging.go:571.16,573.3 1 0
github.com/gidyon/services/internal/messaging/model.go:34.36,36.2 1 1
github.com/gidyon/services/internal/messaging/model.go:39.67,41.16 2 27
github.com/gidyon/services/internal/messaging/model.go:45.2,57.37 3 27
github.com/gidyon/services/internal/messaging/model.go:66.2,66.33 1 27
github.com/gidyon/services/internal/messaging/model.go:74.2,74.23 1 27
github.com/gidyon/services/internal/messaging/model.go:41.16,43.3 1 0
github.com/gidyon/services/internal/messaging/model.go:57.37,59.17 2 27
github.com/gidyon/services/internal/messaging/model.go:62.3,62.31 1 27
github.com/gidyon/services/internal/messaging/model.go:59.17,61.4 1 0
github.com/gidyon/services/internal/messaging/model.go:66.33,68.17 2 27
github.com/gidyon/services/internal/messaging/model.go:71.3,71.27 1 27
github.com/gidyon/services/internal/messaging/model.go:68.17,70.4 1 0
github.com/gidyon/services/internal/messaging/model.go:78.67,93.37 2 28
github.com/gidyon/services/internal/messaging/model.go:103.2,103.33 1 28
github.com/gidyon/services/internal/messaging/model.go:112.2,112.23 1 28
github.com/gidyon/services/internal/messaging/model.go:93.37,96.17 3 28
github.com/gidyon/services/internal/messaging/model.go:99.3,99.31 1 28
github.com/gidyon/services/internal/messaging/model.go:96.17,98.4 1 0
github.com/gidyon/services/internal/messaging/model.go:103.33,106.17 3 28
github.com/gidyon/services/internal/messaging/model.go:109.3,109.27 1 28
github.com/gidyon/services/internal/messaging/model.go:106.17,108.4 1 0
