mode: atomic
github.com/gidyon/services/internal/messaging/messaging.go:59.54,65.2 4 2
github.com/gidyon/services/internal/messaging/messaging.go:68.95,71.9 2 13
github.com/gidyon/services/internal/messaging/messaging.go:95.2,95.16 1 13
github.com/gidyon/services/internal/messaging/messaging.go:100.2,101.16 2 2
github.com/gidyon/services/internal/messaging/messaging.go:106.2,107.16 2 2
github.com/gidyon/services/internal/messaging/messaging.go:111.2,126.16 3 2
github.com/gidyon/services/internal/messaging/messaging.go:130.2,130.17 1 2
github.com/gidyon/services/internal/messaging/messaging.go:72.18,73.42 1 1
github.com/gidyon/services/internal/messaging/messaging.go:74.18,75.34 1 1
github.com/gidyon/services/internal/messaging/messaging.go:76.24,77.40 1 1
github.com/gidyon/services/internal/messaging/messaging.go:78.25,79.41 1 1
github.com/gidyon/services/internal/messaging/messaging.go:80.30,81.47 1 1
github.com/gidyon/services/internal/messaging/messaging.go:82.29,83.47 1 1
github.com/gidyon/services/internal/messaging/messaging.go:84.32,85.50 1 1
github.com/gidyon/services/internal/messaging/messaging.go:86.29,87.46 1 1
github.com/gidyon/services/internal/messaging/messaging.go:88.28,89.45 1 1
github.com/gidyon/services/internal/messaging/messaging.go:90.29,91.46 1 1
github.com/gidyon/services/internal/messaging/messaging.go:92.35,93.52 1 1
github.com/gidyon/services/internal/messaging/messaging.go:95.16,97.3 1 11
github.com/gidyon/services/internal/messaging/messaging.go:101.16,103.3 1 0
github.com/gidyon/services/internal/messaging/messaging.go:107.16,109.3 1 0
github.com/gidyon/services/internal/messaging/messaging.go:126.16,128.3 1 0
github.com/gidyon/services/internal/messaging/messaging.go:133.52,136.9 2 24
github.com/gidyon/services/internal/messaging/messaging.go:168.2,168.12 1 21
github.com/gidyon/services/internal/messaging/messaging.go:137.18,138.34 1 1
github.com/gidyon/services/internal/messaging/messaging.go:139.24,140.37 1 1
github.com/gidyon/services/internal/messaging/messaging.go:141.23,142.35 1 2
github.com/gidyon/services/internal/messaging/messaging.go:143.22,144.34 1 2
github.com/gidyon/services/internal/messaging/messaging.go:145.29,146.37 1 2
github.com/gidyon/services/internal/messaging/messaging.go:147.33,148.42 1 1
github.com/gidyon/services/internal/messaging/messaging.go:149.10,152.46 2 15
github.com/gidyon/services/internal/messaging/messaging.go:158.3,158.14 1 15
github.com/gidyon/services/internal/messaging/messaging.go:163.3,164.17 2 12
github.com/gidyon/services/internal/messaging/messaging.go:152.46,153.66 1 15
github.com/gidyon/services/internal/messaging/messaging.go:153.66,155.10 2 12
github.com/gidyon/services/internal/messaging/messaging.go:158.14,160.4 1 3
github.com/gidyon/services/internal/messaging/messaging.go:164.17,166.4 1 0
github.com/gidyon/services/internal/messaging/messaging.go:173.25,175.16 1 12
github.com/gidyon/services/internal/messaging/messaging.go:180.2,181.16 2 11
github.com/gidyon/services/internal/messaging/messaging.go:186.2,186.9 1 11
github.com/gidyon/services/internal/messaging/messaging.go:197.2,198.16 2 5
github.com/gidyon/services/internal/messaging/messaging.go:202.2,202.22 1 5
github.com/gidyon/services/internal/messaging/messaging.go:175.16,177.3 1 1
github.com/gidyon/services/internal/messaging/messaging.go:181.16,183.3 1 0
github.com/gidyon/services/internal/messaging/messaging.go:187.30,188.42 1 1
github.com/gidyon/services/internal/messaging/messaging.go:189.10,191.17 2 10
github.com/gidyon/services/internal/messaging/messaging.go:191.17,193.4 1 5
github.com/gidyon/services/internal/messaging/messaging.go:198.16,200.3 1 0
github.com/gidyon/services/internal/messaging/messaging.go:207.9,218.18 3 5
github.com/gidyon/services/internal/messaging/messaging.go:317.2,317.12 1 5
github.com/gidyon/services/internal/messaging/messaging.go:218.18,225.17 2 5
github.com/gidyon/services/internal/messaging/messaging.go:230.3,232.59 2 5
github.com/gidyon/services/internal/messaging/messaging.go:237.3,237.73 1 5
github.com/gidyon/services/internal/messaging/messaging.go:225.17,227.4 1 0
github.com/gidyon/services/internal/messaging/messaging.go:232.59,234.4 1 5
github.com/gidyon/services/internal/messaging/messaging.go:237.73,242.10 3 5
github.com/gidyon/services/internal/messaging/messaging.go:246.4,250.45 4 5
github.com/gidyon/services/internal/messaging/messaging.go:270.4,270.52 1 5
github.com/gidyon/services/internal/messaging/messaging.go:242.10,244.5 1 0
github.com/gidyon/services/internal/messaging/messaging.go:250.45,256.22 4 15
github.com/gidyon/services/internal/messaging/messaging.go:256.22,259.20 3 15
github.com/gidyon/services/internal/messaging/messaging.go:262.6,263.20 2 15
github.com/gidyon/services/internal/messaging/messaging.go:259.20,261.7 1 0
github.com/gidyon/services/internal/messaging/messaging.go:263.20,266.7 2 0
github.com/gidyon/services/internal/messaging/messaging.go:270.52,271.23 1 5
github.com/gidyon/services/internal/messaging/messaging.go:272.55,272.55 0 0
github.com/gidyon/services/internal/messaging/messaging.go:273.37,281.20 2 1
github.com/gidyon/services/internal/messaging/messaging.go:284.35,290.20 2 1
github.com/gidyon/services/internal/messaging/messaging.go:293.36,299.20 2 1
github.com/gidyon/services/internal/messaging/messaging.go:302.36,309.20 2 1
github.com/gidyon/services/internal/messaging/messaging.go:281.20,283.7 1 0
github.com/gidyon/services/internal/messaging/messaging.go:290.20,292.7 1 0
github.com/gidyon/services/internal/messaging/messaging.go:299.20,301.7 1 0
github.com/gidyon/services/internal/messaging/messaging.go:309.20,311.7 1 0
github.com/gidyon/services/internal/messaging/messaging.go:322.43,324.16 1 15
github.com/gidyon/services/internal/messaging/messaging.go:329.2,330.16 2 14
github.com/gidyon/services/internal/messaging/messaging.go:335.2,336.16 2 14
github.com/gidyon/services/internal/messaging/messaging.go:340.2,346.16 3 7
github.com/gidyon/services/internal/messaging/messaging.go:351.2,351.50 1 7
github.com/gidyon/services/internal/messaging/messaging.go:396.2,399.19 2 7
github.com/gidyon/services/internal/messaging/messaging.go:411.2,413.8 1 7
github.com/gidyon/services/internal/messaging/messaging.go:324.16,326.3 1 1
github.com/gidyon/services/internal/messaging/messaging.go:330.16,332.3 1 0
github.com/gidyon/services/internal/messaging/messaging.go:336.16,338.3 1 7
github.com/gidyon/services/internal/messaging/messaging.go:346.16,348.3 1 0
github.com/gidyon/services/internal/messaging/messaging.go:351.50,352.21 1 7
github.com/gidyon/services/internal/messaging/messaging.go:353.53,353.53 0 0
github.com/gidyon/services/internal/messaging/messaging.go:354.35,362.18 2 2
github.com/gidyon/services/internal/messaging/messaging.go:365.33,371.18 2 1
github.com/gidyon/services/internal/messaging/messaging.go:374.34,380.18 2 1
github.com/gidyon/services/internal/messaging/messaging.go:383.34,390.18 2 1
github.com/gidyon/services/internal/messaging/messaging.go:362.18,364.5 1 0
github.com/gidyon/services/internal/messaging/messaging.go:371.18,373.5 1 0
github.com/gidyon/services/internal/messaging/messaging.go:380.18,382.5 1 0
github.com/gidyon/services/internal/messaging/messaging.go:390.18,392.5 1 0
github.com/gidyon/services/internal/messaging/messaging.go:399.19,401.17 2 7
github.com/gidyon/services/internal/messaging/messaging.go:404.3,405.17 2 7
github.com/gidyon/services/internal/messaging/messaging.go:408.3,408.19 1 7
github.com/gidyon/services/internal/messaging/messaging.go:401.17,403.4 1 0
github.com/gidyon/services/internal/messaging/messaging.go:405.17,407.4 1 0
github.com/gidyon/services/internal/messaging/messaging.go:423.32,425.20 1 8
github.com/gidyon/services/internal/messaging/messaging.go:430.2,431.16 2 7
github.com/gidyon/services/internal/messaging/messaging.go:436.2,437.9 2 7
github.com/gidyon/services/internal/messaging/messaging.go:445.2,446.49 2 6
github.com/gidyon/services/internal/messaging/messaging.go:450.2,452.21 3 6
github.com/gidyon/services/internal/messaging/messaging.go:460.2,461.12 2 5
github.com/gidyon/services/internal/messaging/messaging.go:465.2,465.34 1 5
github.com/gidyon/services/internal/messaging/messaging.go:480.2,482.26 2 5
github.com/gidyon/services/internal/messaging/messaging.go:487.2,487.16 1 5
github.com/gidyon/services/internal/messaging/messaging.go:491.2,493.39 2 5
github.com/gidyon/services/internal/messaging/messaging.go:503.2,504.38 2 5
github.com/gidyon/services/internal/messaging/messaging.go:512.2,515.8 1 5
github.com/gidyon/services/internal/messaging/messaging.go:425.20,427.3 1 1
github.com/gidyon/services/internal/messaging/messaging.go:431.16,433.3 1 0
github.com/gidyon/services/internal/messaging/messaging.go:438.28,440.17 2 5
github.com/gidyon/services/internal/messaging/messaging.go:440.17,442.4 1 1
github.com/gidyon/services/internal/messaging/messaging.go:446.49,448.3 1 6
github.com/gidyon/services/internal/messaging/messaging.go:452.21,454.17 2 1
github.com/gidyon/services/internal/messaging/messaging.go:457.3,457.20 1 0
github.com/gidyon/services/internal/messaging/messaging.go:454.17,456.4 1 1
github.com/gidyon/services/internal/messaging/messaging.go:461.12,463.3 1 0
github.com/gidyon/services/internal/messaging/messaging.go:465.34,468.52 3 2
github.com/gidyon/services/internal/messaging/messaging.go:475.3,475.13 1 2
github.com/gidyon/services/internal/messaging/messaging.go:468.52,470.44 2 4
github.com/gidyon/services/internal/messaging/messaging.go:470.44,472.10 2 1
github.com/gidyon/services/internal/messaging/messaging.go:475.13,477.4 1 1
github.com/gidyon/services/internal/messaging/messaging.go:482.26,484.3 1 3
github.com/gidyon/services/internal/messaging/messaging.go:484.8,486.3 1 2
github.com/gidyon/services/internal/messaging/messaging.go:487.16,489.3 1 0
github.com/gidyon/services/internal/messaging/messaging.go:493.39,495.17 2 21
github.com/gidyon/services/internal/messaging/messaging.go:499.3,500.20 2 21
github.com/gidyon/services/internal/messaging/messaging.go:495.17,497.4 1 0
github.com/gidyon/services/internal/messaging/messaging.go:504.38,507.17 2 1
github.com/gidyon/services/internal/messaging/messaging.go:507.17,509.4 1 0
github.com/gidyon/services/internal/messaging/messaging.go:520.25,522.20 1 4
github.com/gidyon/services/internal/messaging/messaging.go:527.2,528.16 2 3
github.com/gidyon/services/internal/messaging/messaging.go:532.2,535.9 2 3
github.com/gidyon/services/internal/messaging/messaging.go:546.2,548.16 2 1
github.com/gidyon/services/internal/messaging/messaging.go:552.2,552.22 1 1
github.com/gidyon/services/internal/messaging/messaging.go:522.20,524.3 1 1
github.com/gidyon/services/internal/messaging/messaging.go:528.16,530.3 1 0
github.com/gidyon/services/internal/messaging/messaging.go:536.28,537.43 1 1
github.com/gidyon/services/internal/messaging/messaging.go:538.10,540.17 2 2
github.com/gidyon/services/internal/messaging/messaging.go:540.17,542.4 1 1
github.com/gidyon/services/internal/messaging/messaging.go:548.16,550.3 1 0
github.com/gidyon/services/internal/messaging/messaging.go:557.40,559.19 1 4
github.com/gidyon/services/internal/messaging/messaging.go:564.2,565.16 2 3
github.com/gidyon/services/internal/messaging/messaging.go:569.2,572.9 2 3
github.com/gidyon/services/internal/messaging/messaging.go:582.2,585.16 3 1
github.com/gidyon/services/internal/messaging/messaging.go:589.2,591.8 1 1
github.com/gidyon/services/internal/messaging/messaging.go:559.19,561.3 1 1
github.com/gidyon/services/internal/messaging/messaging.go:565.16,567.3 1 0
github.com/gidyon/services/internal/messaging/messaging.go:573.27,574.43 1 1
github.com/gidyon/services/internal/messaging/messaging.go:575.10,577.17 2 2
github.com/gidyon/services/internal/messaging/messaging.go:577.17,579.4 1 1
github.com/gidyon/services/internal/messaging/messaging.go:585.16,587.3 1 0
github.com/gidyon/services/internal/messaging/model.go:35.36,37.2 1 82
github.com/gidyon/services/internal/messaging/model.go:40.67,42.16 2 23
github.com/gidyon/services/internal/messaging/model.go:46.2,58.37 3 23
github.com/gidyon/services/internal/messaging/model.go:67.2,67.33 1 23
github.com/gidyon/services/internal/messaging/model.go:75.2,75.23 1 23
github.com/gidyon/services/internal/messaging/model.go:42.16,44.3 1 0
github.com/gidyon/services/internal/messaging/model.go:58.37,60.17 2 23
github.com/gidyon/services/internal/messaging/model.go:63.3,63.31 1 23
github.com/gidyon/services/internal/messaging/model.go:60.17,62.4 1 0
github.com/gidyon/services/internal/messaging/model.go:67.33,69.17 2 23
github.com/gidyon/services/internal/messaging/model.go:72.3,72.27 1 23
github.com/gidyon/services/internal/messaging/model.go:69.17,71.4 1 0
github.com/gidyon/services/internal/messaging/model.go:79.67,94.37 2 25
github.com/gidyon/services/internal/messaging/model.go:104.2,104.33 1 25
github.com/gidyon/services/internal/messaging/model.go:113.2,113.23 1 25
github.com/gidyon/services/internal/messaging/model.go:94.37,97.17 3 25
github.com/gidyon/services/internal/messaging/model.go:100.3,100.31 1 25
github.com/gidyon/services/internal/messaging/model.go:97.17,99.4 1 0
github.com/gidyon/services/internal/messaging/model.go:104.33,107.17 3 25
github.com/gidyon/services/internal/messaging/model.go:110.3,110.27 1 25
github.com/gidyon/services/internal/messaging/model.go:107.17,109.4 1 0
