mode: atomic
github.com/gidyon/services/internal/messaging/sms/send.go:5.57,7.2 1 1
github.com/gidyon/services/internal/messaging/sms/sms.go:34.83,37.9 2 11
github.com/gidyon/services/internal/messaging/sms/sms.go:57.2,57.16 1 11
github.com/gidyon/services/internal/messaging/sms/sms.go:62.2,63.16 2 2
github.com/gidyon/services/internal/messaging/sms/sms.go:68.2,75.27 2 2
github.com/gidyon/services/internal/messaging/sms/sms.go:79.2,79.20 1 2
github.com/gidyon/services/internal/messaging/sms/sms.go:38.18,39.34 1 1
github.com/gidyon/services/internal/messaging/sms/sms.go:40.18,41.34 1 1
github.com/gidyon/services/internal/messaging/sms/sms.go:42.25,43.33 1 1
github.com/gidyon/services/internal/messaging/sms/sms.go:44.32,45.34 1 1
github.com/gidyon/services/internal/messaging/sms/sms.go:46.24,47.37 1 1
github.com/gidyon/services/internal/messaging/sms/sms.go:48.27,49.40 1 1
github.com/gidyon/services/internal/messaging/sms/sms.go:50.29,51.42 1 1
github.com/gidyon/services/internal/messaging/sms/sms.go:52.29,53.42 1 1
github.com/gidyon/services/internal/messaging/sms/sms.go:54.24,55.37 1 1
github.com/gidyon/services/internal/messaging/sms/sms.go:57.16,59.3 1 9
github.com/gidyon/services/internal/messaging/sms/sms.go:63.16,65.3 1 0
github.com/gidyon/services/internal/messaging/sms/sms.go:75.27,77.3 1 0
github.com/gidyon/services/internal/messaging/sms/sms.go:84.25,86.20 1 5
github.com/gidyon/services/internal/messaging/sms/sms.go:91.2,92.16 2 4
github.com/gidyon/services/internal/messaging/sms/sms.go:97.2,98.16 2 4
github.com/gidyon/services/internal/messaging/sms/sms.go:103.2,103.12 1 1
github.com/gidyon/services/internal/messaging/sms/sms.go:110.2,110.28 1 1
github.com/gidyon/services/internal/messaging/sms/sms.go:86.20,88.3 1 1
github.com/gidyon/services/internal/messaging/sms/sms.go:92.16,94.3 1 0
github.com/gidyon/services/internal/messaging/sms/sms.go:98.16,100.3 1 3
github.com/gidyon/services/internal/messaging/sms/sms.go:103.12,105.17 2 1
github.com/gidyon/services/internal/messaging/sms/sms.go:105.17,107.4 1 0
github.com/gidyon/services/internal/messaging/sms/sms.go:113.40,115.9 2 4
github.com/gidyon/services/internal/messaging/sms/sms.go:123.2,123.12 1 4
github.com/gidyon/services/internal/messaging/sms/sms.go:116.41,117.48 1 1
github.com/gidyon/services/internal/messaging/sms/sms.go:118.27,119.37 1 1
github.com/gidyon/services/internal/messaging/sms/sms.go:120.27,121.37 1 1
