mode: atomic
github.com/gidyon/services/internal/messaging/sms/send.go:5.57,7.2 1 1
github.com/gidyon/services/internal/messaging/sms/sms.go:33.83,36.9 2 11
github.com/gidyon/services/internal/messaging/sms/sms.go:56.2,56.16 1 11
github.com/gidyon/services/internal/messaging/sms/sms.go:61.2,66.27 2 2
github.com/gidyon/services/internal/messaging/sms/sms.go:70.2,70.20 1 2
github.com/gidyon/services/internal/messaging/sms/sms.go:37.18,38.34 1 1
github.com/gidyon/services/internal/messaging/sms/sms.go:39.18,40.34 1 1
github.com/gidyon/services/internal/messaging/sms/sms.go:41.25,42.33 1 1
github.com/gidyon/services/internal/messaging/sms/sms.go:43.26,44.35 1 1
github.com/gidyon/services/internal/messaging/sms/sms.go:45.24,46.37 1 1
github.com/gidyon/services/internal/messaging/sms/sms.go:47.27,48.40 1 1
github.com/gidyon/services/internal/messaging/sms/sms.go:49.29,50.42 1 1
github.com/gidyon/services/internal/messaging/sms/sms.go:51.29,52.42 1 1
github.com/gidyon/services/internal/messaging/sms/sms.go:53.24,54.37 1 1
github.com/gidyon/services/internal/messaging/sms/sms.go:56.16,58.3 1 9
github.com/gidyon/services/internal/messaging/sms/sms.go:66.27,68.3 1 0
github.com/gidyon/services/internal/messaging/sms/sms.go:75.25,77.20 1 5
github.com/gidyon/services/internal/messaging/sms/sms.go:82.2,83.16 2 4
github.com/gidyon/services/internal/messaging/sms/sms.go:88.2,89.16 2 4
github.com/gidyon/services/internal/messaging/sms/sms.go:94.2,94.12 1 1
github.com/gidyon/services/internal/messaging/sms/sms.go:101.2,101.28 1 1
github.com/gidyon/services/internal/messaging/sms/sms.go:77.20,79.3 1 1
github.com/gidyon/services/internal/messaging/sms/sms.go:83.16,85.3 1 0
github.com/gidyon/services/internal/messaging/sms/sms.go:89.16,91.3 1 3
github.com/gidyon/services/internal/messaging/sms/sms.go:94.12,96.17 2 1
github.com/gidyon/services/internal/messaging/sms/sms.go:96.17,98.4 1 0
github.com/gidyon/services/internal/messaging/sms/sms.go:104.40,106.9 2 4
github.com/gidyon/services/internal/messaging/sms/sms.go:114.2,114.12 1 4
github.com/gidyon/services/internal/messaging/sms/sms.go:107.41,108.48 1 1
github.com/gidyon/services/internal/messaging/sms/sms.go:109.27,110.37 1 1
github.com/gidyon/services/internal/messaging/sms/sms.go:111.27,112.37 1 1
