mode: atomic
github.com/gidyon/services/internal/subscriber/model.go:26.39,28.2 1 1
github.com/gidyon/services/internal/subscriber/model.go:31.105,41.36 2 17
github.com/gidyon/services/internal/subscriber/model.go:48.2,48.26 1 17
github.com/gidyon/services/internal/subscriber/model.go:41.36,43.17 2 16
github.com/gidyon/services/internal/subscriber/model.go:43.17,45.4 1 0
github.com/gidyon/services/internal/subscriber/subscriber.go:49.43,52.9 2 10
github.com/gidyon/services/internal/subscriber/subscriber.go:70.2,70.16 1 10
github.com/gidyon/services/internal/subscriber/subscriber.go:74.2,79.61 2 2
github.com/gidyon/services/internal/subscriber/subscriber.go:86.2,86.27 1 2
github.com/gidyon/services/internal/subscriber/subscriber.go:53.18,54.34 1 1
github.com/gidyon/services/internal/subscriber/subscriber.go:55.18,56.34 1 1
github.com/gidyon/services/internal/subscriber/subscriber.go:57.24,58.32 1 1
github.com/gidyon/services/internal/subscriber/subscriber.go:59.25,60.33 1 1
github.com/gidyon/services/internal/subscriber/subscriber.go:61.32,62.41 1 1
github.com/gidyon/services/internal/subscriber/subscriber.go:63.32,64.42 1 1
github.com/gidyon/services/internal/subscriber/subscriber.go:65.35,66.57 1 1
github.com/gidyon/services/internal/subscriber/subscriber.go:67.26,68.48 1 1
github.com/gidyon/services/internal/subscriber/subscriber.go:70.16,72.3 1 8
github.com/gidyon/services/internal/subscriber/subscriber.go:79.61,81.17 2 0
github.com/gidyon/services/internal/subscriber/subscriber.go:81.17,83.4 1 0
github.com/gidyon/services/internal/subscriber/subscriber.go:91.74,93.16 2 102
github.com/gidyon/services/internal/subscriber/subscriber.go:96.2,100.16 2 102
github.com/gidyon/services/internal/subscriber/subscriber.go:103.2,103.12 1 102
github.com/gidyon/services/internal/subscriber/subscriber.go:93.16,95.3 1 0
github.com/gidyon/services/internal/subscriber/subscriber.go:100.16,102.3 1 0
github.com/gidyon/services/internal/subscriber/subscriber.go:108.25,115.9 2 107
github.com/gidyon/services/internal/subscriber/subscriber.go:130.2,131.16 2 104
github.com/gidyon/services/internal/subscriber/subscriber.go:136.2,137.15 2 104
github.com/gidyon/services/internal/subscriber/subscriber.go:143.2,143.21 1 104
github.com/gidyon/services/internal/subscriber/subscriber.go:148.2,152.9 3 104
github.com/gidyon/services/internal/subscriber/subscriber.go:165.2,168.27 2 104
github.com/gidyon/services/internal/subscriber/subscriber.go:178.2,181.42 2 104
github.com/gidyon/services/internal/subscriber/subscriber.go:189.2,192.16 3 104
github.com/gidyon/services/internal/subscriber/subscriber.go:198.2,199.16 2 104
github.com/gidyon/services/internal/subscriber/subscriber.go:204.2,211.16 4 104
github.com/gidyon/services/internal/subscriber/subscriber.go:217.2,218.16 2 104
github.com/gidyon/services/internal/subscriber/subscriber.go:223.2,223.28 1 104
github.com/gidyon/services/internal/subscriber/subscriber.go:116.21,117.50 1 1
github.com/gidyon/services/internal/subscriber/subscriber.go:118.33,119.49 1 1
github.com/gidyon/services/internal/subscriber/subscriber.go:120.33,121.49 1 1
github.com/gidyon/services/internal/subscriber/subscriber.go:122.10,124.17 2 104
github.com/gidyon/services/internal/subscriber/subscriber.go:124.17,126.4 1 0
github.com/gidyon/services/internal/subscriber/subscriber.go:131.16,133.3 1 0
github.com/gidyon/services/internal/subscriber/subscriber.go:137.15,138.35 1 104
github.com/gidyon/services/internal/subscriber/subscriber.go:138.35,140.4 1 0
github.com/gidyon/services/internal/subscriber/subscriber.go:143.21,146.3 2 0
github.com/gidyon/services/internal/subscriber/subscriber.go:153.18,153.18 0 4
github.com/gidyon/services/internal/subscriber/subscriber.go:154.46,156.17 2 100
github.com/gidyon/services/internal/subscriber/subscriber.go:160.10,162.46 2 0
github.com/gidyon/services/internal/subscriber/subscriber.go:156.17,159.4 2 0
github.com/gidyon/services/internal/subscriber/subscriber.go:168.27,170.17 2 4
github.com/gidyon/services/internal/subscriber/subscriber.go:170.17,173.4 2 0
github.com/gidyon/services/internal/subscriber/subscriber.go:174.8,176.3 1 100
github.com/gidyon/services/internal/subscriber/subscriber.go:181.42,182.33 1 104
github.com/gidyon/services/internal/subscriber/subscriber.go:185.3,185.43 1 104
github.com/gidyon/services/internal/subscriber/subscriber.go:182.33,183.12 1 0
github.com/gidyon/services/internal/subscriber/subscriber.go:192.16,195.3 2 0
github.com/gidyon/services/internal/subscriber/subscriber.go:199.16,202.3 2 0
github.com/gidyon/services/internal/subscriber/subscriber.go:211.16,214.3 2 0
github.com/gidyon/services/internal/subscriber/subscriber.go:218.16,221.3 2 0
github.com/gidyon/services/internal/subscriber/subscriber.go:228.25,236.9 2 5
github.com/gidyon/services/internal/subscriber/subscriber.go:251.2,252.16 2 2
github.com/gidyon/services/internal/subscriber/subscriber.go:257.2,258.15 2 2
github.com/gidyon/services/internal/subscriber/subscriber.go:264.2,264.21 1 2
github.com/gidyon/services/internal/subscriber/subscriber.go:269.2,273.9 3 2
github.com/gidyon/services/internal/subscriber/subscriber.go:288.2,291.27 2 1
github.com/gidyon/services/internal/subscriber/subscriber.go:299.2,301.41 2 1
github.com/gidyon/services/internal/subscriber/subscriber.go:310.2,310.12 1 1
github.com/gidyon/services/internal/subscriber/subscriber.go:314.2,314.27 1 1
github.com/gidyon/services/internal/subscriber/subscriber.go:323.2,324.16 2 1
github.com/gidyon/services/internal/subscriber/subscriber.go:329.2,336.16 4 1
github.com/gidyon/services/internal/subscriber/subscriber.go:342.2,343.16 2 1
github.com/gidyon/services/internal/subscriber/subscriber.go:348.2,348.28 1 1
github.com/gidyon/services/internal/subscriber/subscriber.go:237.23,238.52 1 1
github.com/gidyon/services/internal/subscriber/subscriber.go:239.35,240.44 1 1
github.com/gidyon/services/internal/subscriber/subscriber.go:241.35,242.49 1 1
github.com/gidyon/services/internal/subscriber/subscriber.go:243.10,245.17 2 2
github.com/gidyon/services/internal/subscriber/subscriber.go:245.17,247.4 1 0
github.com/gidyon/services/internal/subscriber/subscriber.go:252.16,254.3 1 0
github.com/gidyon/services/internal/subscriber/subscriber.go:258.15,259.35 1 2
github.com/gidyon/services/internal/subscriber/subscriber.go:259.35,261.4 1 0
github.com/gidyon/services/internal/subscriber/subscriber.go:264.21,267.3 2 0
github.com/gidyon/services/internal/subscriber/subscriber.go:274.18,274.18 0 1
github.com/gidyon/services/internal/subscriber/subscriber.go:275.46,277.17 2 1
github.com/gidyon/services/internal/subscriber/subscriber.go:281.3,282.29 2 1
github.com/gidyon/services/internal/subscriber/subscriber.go:283.10,285.46 2 0
github.com/gidyon/services/internal/subscriber/subscriber.go:277.17,280.4 2 0
github.com/gidyon/services/internal/subscriber/subscriber.go:291.27,293.17 2 1
github.com/gidyon/services/internal/subscriber/subscriber.go:293.17,296.4 2 0
github.com/gidyon/services/internal/subscriber/subscriber.go:301.41,302.28 1 1
github.com/gidyon/services/internal/subscriber/subscriber.go:302.28,306.9 3 1
github.com/gidyon/services/internal/subscriber/subscriber.go:310.12,312.3 1 0
github.com/gidyon/services/internal/subscriber/subscriber.go:314.27,316.17 2 1
github.com/gidyon/services/internal/subscriber/subscriber.go:316.17,319.4 2 0
github.com/gidyon/services/internal/subscriber/subscriber.go:324.16,327.3 2 0
github.com/gidyon/services/internal/subscriber/subscriber.go:336.16,339.3 2 0
github.com/gidyon/services/internal/subscriber/subscriber.go:343.16,346.3 2 0
github.com/gidyon/services/internal/subscriber/subscriber.go:353.43,354.25 1 105
github.com/gidyon/services/internal/subscriber/subscriber.go:359.2,359.14 1 104
github.com/gidyon/services/internal/subscriber/subscriber.go:354.25,355.14 1 109
github.com/gidyon/services/internal/subscriber/subscriber.go:355.14,357.4 1 1
github.com/gidyon/services/internal/subscriber/subscriber.go:364.48,366.20 1 5
github.com/gidyon/services/internal/subscriber/subscriber.go:371.2,372.16 2 4
github.com/gidyon/services/internal/subscriber/subscriber.go:376.2,377.49 2 4
github.com/gidyon/services/internal/subscriber/subscriber.go:381.2,383.21 3 4
github.com/gidyon/services/internal/subscriber/subscriber.go:391.2,393.48 2 3
github.com/gidyon/services/internal/subscriber/subscriber.go:444.2,451.48 3 3
github.com/gidyon/services/internal/subscriber/subscriber.go:491.2,492.44 2 3
github.com/gidyon/services/internal/subscriber/subscriber.go:500.2,503.8 1 3
github.com/gidyon/services/internal/subscriber/subscriber.go:366.20,368.3 1 1
github.com/gidyon/services/internal/subscriber/subscriber.go:372.16,374.3 1 0
github.com/gidyon/services/internal/subscriber/subscriber.go:377.49,379.3 1 0
github.com/gidyon/services/internal/subscriber/subscriber.go:383.21,385.17 2 1
github.com/gidyon/services/internal/subscriber/subscriber.go:388.3,388.20 1 0
github.com/gidyon/services/internal/subscriber/subscriber.go:385.17,387.4 1 1
github.com/gidyon/services/internal/subscriber/subscriber.go:393.48,401.56 2 2
github.com/gidyon/services/internal/subscriber/subscriber.go:427.3,427.12 1 2
github.com/gidyon/services/internal/subscriber/subscriber.go:401.56,406.14 3 2
github.com/gidyon/services/internal/subscriber/subscriber.go:406.14,410.16 3 2
github.com/gidyon/services/internal/subscriber/subscriber.go:414.5,415.19 2 2
github.com/gidyon/services/internal/subscriber/subscriber.go:420.5,422.16 3 2
github.com/gidyon/services/internal/subscriber/subscriber.go:410.16,412.6 1 0
github.com/gidyon/services/internal/subscriber/subscriber.go:415.19,418.6 2 0
github.com/gidyon/services/internal/subscriber/subscriber.go:428.8,430.14 2 1
github.com/gidyon/services/internal/subscriber/subscriber.go:434.3,435.10 2 1
github.com/gidyon/services/internal/subscriber/subscriber.go:430.14,432.4 1 0
github.com/gidyon/services/internal/subscriber/subscriber.go:436.19,436.19 0 1
github.com/gidyon/services/internal/subscriber/subscriber.go:437.11,438.18 1 0
github.com/gidyon/services/internal/subscriber/subscriber.go:438.18,440.5 1 0
github.com/gidyon/services/internal/subscriber/subscriber.go:451.48,453.41 1 11
github.com/gidyon/services/internal/subscriber/subscriber.go:457.3,461.37 3 11
github.com/gidyon/services/internal/subscriber/subscriber.go:469.3,473.10 2 11
github.com/gidyon/services/internal/subscriber/subscriber.go:481.3,482.17 2 11
github.com/gidyon/services/internal/subscriber/subscriber.go:486.3,488.23 2 11
github.com/gidyon/services/internal/subscriber/subscriber.go:453.41,454.12 1 0
github.com/gidyon/services/internal/subscriber/subscriber.go:461.37,463.18 2 11
github.com/gidyon/services/internal/subscriber/subscriber.go:463.18,465.5 1 0
github.com/gidyon/services/internal/subscriber/subscriber.go:474.19,474.19 0 11
github.com/gidyon/services/internal/subscriber/subscriber.go:475.43,476.12 1 0
github.com/gidyon/services/internal/subscriber/subscriber.go:477.11,478.70 1 0
github.com/gidyon/services/internal/subscriber/subscriber.go:482.17,484.4 1 0
github.com/gidyon/services/internal/subscriber/subscriber.go:492.44,495.17 2 1
github.com/gidyon/services/internal/subscriber/subscriber.go:495.17,497.4 1 0
github.com/gidyon/services/internal/subscriber/subscriber.go:508.35,510.19 1 9
github.com/gidyon/services/internal/subscriber/subscriber.go:515.2,516.16 2 8
github.com/gidyon/services/internal/subscriber/subscriber.go:521.2,522.9 2 8
github.com/gidyon/services/internal/subscriber/subscriber.go:533.2,535.9 3 6
github.com/gidyon/services/internal/subscriber/subscriber.go:546.2,554.16 4 6
github.com/gidyon/services/internal/subscriber/subscriber.go:558.2,558.49 1 6
github.com/gidyon/services/internal/subscriber/subscriber.go:510.19,512.3 1 1
github.com/gidyon/services/internal/subscriber/subscriber.go:516.16,518.3 1 0
github.com/gidyon/services/internal/subscriber/subscriber.go:523.33,524.49 1 1
github.com/gidyon/services/internal/subscriber/subscriber.go:525.10,527.17 2 7
github.com/gidyon/services/internal/subscriber/subscriber.go:527.17,529.4 1 1
github.com/gidyon/services/internal/subscriber/subscriber.go:536.18,536.18 0 5
github.com/gidyon/services/internal/subscriber/subscriber.go:537.46,539.17 2 1
github.com/gidyon/services/internal/subscriber/subscriber.go:542.10,543.46 1 0
github.com/gidyon/services/internal/subscriber/subscriber.go:539.17,541.4 1 0
github.com/gidyon/services/internal/subscriber/subscriber.go:554.16,556.3 1 0
