mode: atomic
github.com/gidyon/services/internal/subscriber/model.go:26.39,28.2 1 63
github.com/gidyon/services/internal/subscriber/model.go:31.105,41.36 2 17
github.com/gidyon/services/internal/subscriber/model.go:48.2,48.26 1 17
github.com/gidyon/services/internal/subscriber/model.go:41.36,43.17 2 16
github.com/gidyon/services/internal/subscriber/model.go:43.17,45.4 1 0
github.com/gidyon/services/internal/subscriber/subscriber.go:46.54,52.2 4 2
github.com/gidyon/services/internal/subscriber/subscriber.go:57.43,60.9 2 9
github.com/gidyon/services/internal/subscriber/subscriber.go:76.2,76.16 1 9
github.com/gidyon/services/internal/subscriber/subscriber.go:81.2,82.16 2 2
github.com/gidyon/services/internal/subscriber/subscriber.go:87.2,88.16 2 2
github.com/gidyon/services/internal/subscriber/subscriber.go:92.2,103.16 3 2
github.com/gidyon/services/internal/subscriber/subscriber.go:107.2,107.27 1 2
github.com/gidyon/services/internal/subscriber/subscriber.go:61.18,62.34 1 1
github.com/gidyon/services/internal/subscriber/subscriber.go:63.18,64.34 1 1
github.com/gidyon/services/internal/subscriber/subscriber.go:65.24,66.32 1 1
github.com/gidyon/services/internal/subscriber/subscriber.go:67.25,68.33 1 1
github.com/gidyon/services/internal/subscriber/subscriber.go:69.32,70.41 1 1
github.com/gidyon/services/internal/subscriber/subscriber.go:71.32,72.42 1 1
github.com/gidyon/services/internal/subscriber/subscriber.go:73.32,74.34 1 1
github.com/gidyon/services/internal/subscriber/subscriber.go:76.16,78.3 1 7
github.com/gidyon/services/internal/subscriber/subscriber.go:82.16,84.3 1 0
github.com/gidyon/services/internal/subscriber/subscriber.go:88.16,90.3 1 0
github.com/gidyon/services/internal/subscriber/subscriber.go:103.16,105.3 1 0
github.com/gidyon/services/internal/subscriber/subscriber.go:110.74,117.16 2 6
github.com/gidyon/services/internal/subscriber/subscriber.go:120.2,124.16 2 6
github.com/gidyon/services/internal/subscriber/subscriber.go:127.2,127.12 1 6
github.com/gidyon/services/internal/subscriber/subscriber.go:117.16,119.3 1 0
github.com/gidyon/services/internal/subscriber/subscriber.go:124.16,126.3 1 0
github.com/gidyon/services/internal/subscriber/subscriber.go:132.25,134.19 1 9
github.com/gidyon/services/internal/subscriber/subscriber.go:139.2,140.16 2 8
github.com/gidyon/services/internal/subscriber/subscriber.go:145.2,146.9 2 8
github.com/gidyon/services/internal/subscriber/subscriber.go:161.2,162.15 2 4
github.com/gidyon/services/internal/subscriber/subscriber.go:168.2,168.21 1 4
github.com/gidyon/services/internal/subscriber/subscriber.go:173.2,177.9 3 4
github.com/gidyon/services/internal/subscriber/subscriber.go:190.2,193.27 2 4
github.com/gidyon/services/internal/subscriber/subscriber.go:202.2,202.37 1 4
github.com/gidyon/services/internal/subscriber/subscriber.go:209.2,215.16 3 4
github.com/gidyon/services/internal/subscriber/subscriber.go:221.2,223.16 2 4
github.com/gidyon/services/internal/subscriber/subscriber.go:229.2,232.16 2 4
github.com/gidyon/services/internal/subscriber/subscriber.go:238.2,239.16 2 4
github.com/gidyon/services/internal/subscriber/subscriber.go:244.2,244.28 1 4
github.com/gidyon/services/internal/subscriber/subscriber.go:134.19,136.3 1 1
github.com/gidyon/services/internal/subscriber/subscriber.go:140.16,142.3 1 0
github.com/gidyon/services/internal/subscriber/subscriber.go:147.30,148.46 1 1
github.com/gidyon/services/internal/subscriber/subscriber.go:149.32,150.48 1 1
github.com/gidyon/services/internal/subscriber/subscriber.go:151.33,152.49 1 1
github.com/gidyon/services/internal/subscriber/subscriber.go:153.10,155.17 2 5
github.com/gidyon/services/internal/subscriber/subscriber.go:155.17,157.4 1 1
github.com/gidyon/services/internal/subscriber/subscriber.go:162.15,163.35 1 4
github.com/gidyon/services/internal/subscriber/subscriber.go:163.35,165.4 1 0
github.com/gidyon/services/internal/subscriber/subscriber.go:168.21,171.3 2 0
github.com/gidyon/services/internal/subscriber/subscriber.go:178.18,178.18 0 0
github.com/gidyon/services/internal/subscriber/subscriber.go:179.39,181.17 2 4
github.com/gidyon/services/internal/subscriber/subscriber.go:185.10,187.46 2 0
github.com/gidyon/services/internal/subscriber/subscriber.go:181.17,184.4 2 0
github.com/gidyon/services/internal/subscriber/subscriber.go:193.27,195.17 2 0
github.com/gidyon/services/internal/subscriber/subscriber.go:195.17,198.4 2 0
github.com/gidyon/services/internal/subscriber/subscriber.go:202.37,203.46 1 0
github.com/gidyon/services/internal/subscriber/subscriber.go:203.46,205.4 1 0
github.com/gidyon/services/internal/subscriber/subscriber.go:215.16,218.3 2 0
github.com/gidyon/services/internal/subscriber/subscriber.go:223.16,226.3 2 0
github.com/gidyon/services/internal/subscriber/subscriber.go:232.16,235.3 2 0
github.com/gidyon/services/internal/subscriber/subscriber.go:239.16,242.3 2 0
github.com/gidyon/services/internal/subscriber/subscriber.go:249.25,251.21 1 6
github.com/gidyon/services/internal/subscriber/subscriber.go:256.2,257.16 2 5
github.com/gidyon/services/internal/subscriber/subscriber.go:261.2,266.9 4 5
github.com/gidyon/services/internal/subscriber/subscriber.go:279.2,280.15 2 2
github.com/gidyon/services/internal/subscriber/subscriber.go:286.2,286.21 1 2
github.com/gidyon/services/internal/subscriber/subscriber.go:291.2,295.9 3 2
github.com/gidyon/services/internal/subscriber/subscriber.go:310.2,313.27 2 1
github.com/gidyon/services/internal/subscriber/subscriber.go:321.2,323.32 2 1
github.com/gidyon/services/internal/subscriber/subscriber.go:331.2,331.12 1 1
github.com/gidyon/services/internal/subscriber/subscriber.go:335.2,335.27 1 1
github.com/gidyon/services/internal/subscriber/subscriber.go:344.2,345.16 2 1
github.com/gidyon/services/internal/subscriber/subscriber.go:351.2,354.16 2 1
github.com/gidyon/services/internal/subscriber/subscriber.go:360.2,361.16 2 1
github.com/gidyon/services/internal/subscriber/subscriber.go:366.2,366.28 1 1
github.com/gidyon/services/internal/subscriber/subscriber.go:251.21,253.3 1 1
github.com/gidyon/services/internal/subscriber/subscriber.go:257.16,259.3 1 0
github.com/gidyon/services/internal/subscriber/subscriber.go:267.23,268.46 1 1
github.com/gidyon/services/internal/subscriber/subscriber.go:269.23,270.49 1 1
github.com/gidyon/services/internal/subscriber/subscriber.go:271.10,273.17 2 3
github.com/gidyon/services/internal/subscriber/subscriber.go:273.17,275.4 1 1
github.com/gidyon/services/internal/subscriber/subscriber.go:280.15,281.35 1 2
github.com/gidyon/services/internal/subscriber/subscriber.go:281.35,283.4 1 0
github.com/gidyon/services/internal/subscriber/subscriber.go:286.21,289.3 2 0
github.com/gidyon/services/internal/subscriber/subscriber.go:296.18,296.18 0 1
github.com/gidyon/services/internal/subscriber/subscriber.go:297.39,299.17 2 1
github.com/gidyon/services/internal/subscriber/subscriber.go:303.3,304.29 2 1
github.com/gidyon/services/internal/subscriber/subscriber.go:305.10,307.46 2 0
github.com/gidyon/services/internal/subscriber/subscriber.go:299.17,302.4 2 0
github.com/gidyon/services/internal/subscriber/subscriber.go:313.27,315.17 2 1
github.com/gidyon/services/internal/subscriber/subscriber.go:315.17,318.4 2 0
github.com/gidyon/services/internal/subscriber/subscriber.go:323.32,324.37 1 1
github.com/gidyon/services/internal/subscriber/subscriber.go:324.37,328.4 2 1
github.com/gidyon/services/internal/subscriber/subscriber.go:331.12,333.3 1 0
github.com/gidyon/services/internal/subscriber/subscriber.go:335.27,337.17 2 1
github.com/gidyon/services/internal/subscriber/subscriber.go:337.17,340.4 2 0
github.com/gidyon/services/internal/subscriber/subscriber.go:345.16,348.3 2 0
github.com/gidyon/services/internal/subscriber/subscriber.go:354.16,357.3 2 0
github.com/gidyon/services/internal/subscriber/subscriber.go:361.16,364.3 2 0
github.com/gidyon/services/internal/subscriber/subscriber.go:371.59,372.36 1 16
github.com/gidyon/services/internal/subscriber/subscriber.go:377.2,377.14 1 15
github.com/gidyon/services/internal/subscriber/subscriber.go:372.36,373.26 1 16
github.com/gidyon/services/internal/subscriber/subscriber.go:373.26,375.4 1 1
github.com/gidyon/services/internal/subscriber/subscriber.go:380.83,381.24 1 30
github.com/gidyon/services/internal/subscriber/subscriber.go:384.2,384.45 1 20
github.com/gidyon/services/internal/subscriber/subscriber.go:389.2,389.14 1 19
github.com/gidyon/services/internal/subscriber/subscriber.go:381.24,383.3 1 10
github.com/gidyon/services/internal/subscriber/subscriber.go:384.45,385.48 1 16
github.com/gidyon/services/internal/subscriber/subscriber.go:385.48,387.4 1 1
github.com/gidyon/services/internal/subscriber/subscriber.go:394.48,396.20 1 5
github.com/gidyon/services/internal/subscriber/subscriber.go:401.2,402.16 2 4
github.com/gidyon/services/internal/subscriber/subscriber.go:406.2,407.49 2 4
github.com/gidyon/services/internal/subscriber/subscriber.go:411.2,413.21 3 4
github.com/gidyon/services/internal/subscriber/subscriber.go:421.2,424.13 3 3
github.com/gidyon/services/internal/subscriber/subscriber.go:428.2,429.9 2 3
github.com/gidyon/services/internal/subscriber/subscriber.go:437.2,441.45 3 3
github.com/gidyon/services/internal/subscriber/subscriber.go:481.2,482.41 2 3
github.com/gidyon/services/internal/subscriber/subscriber.go:490.2,493.8 1 3
github.com/gidyon/services/internal/subscriber/subscriber.go:396.20,398.3 1 1
github.com/gidyon/services/internal/subscriber/subscriber.go:402.16,404.3 1 0
github.com/gidyon/services/internal/subscriber/subscriber.go:407.49,409.3 1 0
github.com/gidyon/services/internal/subscriber/subscriber.go:413.21,415.17 2 2
github.com/gidyon/services/internal/subscriber/subscriber.go:418.3,418.20 1 1
github.com/gidyon/services/internal/subscriber/subscriber.go:415.17,417.4 1 1
github.com/gidyon/services/internal/subscriber/subscriber.go:424.13,426.3 1 1
github.com/gidyon/services/internal/subscriber/subscriber.go:430.18,430.18 0 3
github.com/gidyon/services/internal/subscriber/subscriber.go:431.10,432.17 1 0
github.com/gidyon/services/internal/subscriber/subscriber.go:432.17,434.4 1 0
github.com/gidyon/services/internal/subscriber/subscriber.go:441.45,443.38 1 30
github.com/gidyon/services/internal/subscriber/subscriber.go:447.3,450.17 3 30
github.com/gidyon/services/internal/subscriber/subscriber.go:454.3,454.46 1 30
github.com/gidyon/services/internal/subscriber/subscriber.go:459.3,463.10 2 11
github.com/gidyon/services/internal/subscriber/subscriber.go:471.3,472.17 2 11
github.com/gidyon/services/internal/subscriber/subscriber.go:476.3,478.23 2 11
github.com/gidyon/services/internal/subscriber/subscriber.go:443.38,444.12 1 0
github.com/gidyon/services/internal/subscriber/subscriber.go:450.17,452.4 1 0
github.com/gidyon/services/internal/subscriber/subscriber.go:454.46,455.12 1 19
github.com/gidyon/services/internal/subscriber/subscriber.go:464.19,464.19 0 11
github.com/gidyon/services/internal/subscriber/subscriber.go:465.43,466.12 1 0
github.com/gidyon/services/internal/subscriber/subscriber.go:467.11,468.70 1 0
github.com/gidyon/services/internal/subscriber/subscriber.go:472.17,474.4 1 0
github.com/gidyon/services/internal/subscriber/subscriber.go:482.41,485.17 2 3
github.com/gidyon/services/internal/subscriber/subscriber.go:485.17,487.4 1 0
github.com/gidyon/services/internal/subscriber/subscriber.go:498.35,500.19 1 9
github.com/gidyon/services/internal/subscriber/subscriber.go:505.2,506.16 2 8
github.com/gidyon/services/internal/subscriber/subscriber.go:511.2,512.9 2 8
github.com/gidyon/services/internal/subscriber/subscriber.go:523.2,525.9 3 6
github.com/gidyon/services/internal/subscriber/subscriber.go:537.2,541.16 2 6
github.com/gidyon/services/internal/subscriber/subscriber.go:545.2,545.49 1 6
github.com/gidyon/services/internal/subscriber/subscriber.go:500.19,502.3 1 1
github.com/gidyon/services/internal/subscriber/subscriber.go:506.16,508.3 1 0
github.com/gidyon/services/internal/subscriber/subscriber.go:513.33,514.49 1 1
github.com/gidyon/services/internal/subscriber/subscriber.go:515.10,517.17 2 7
github.com/gidyon/services/internal/subscriber/subscriber.go:517.17,519.4 1 1
github.com/gidyon/services/internal/subscriber/subscriber.go:526.18,526.18 0 5
github.com/gidyon/services/internal/subscriber/subscriber.go:527.39,529.17 2 1
github.com/gidyon/services/internal/subscriber/subscriber.go:532.10,533.46 1 0
github.com/gidyon/services/internal/subscriber/subscriber.go:529.17,531.4 1 0
github.com/gidyon/services/internal/subscriber/subscriber.go:541.16,543.3 1 0
