mode: atomic
github.com/gidyon/services/internal/messaging/emailing/email.go:37.95,40.9 2 10
github.com/gidyon/services/internal/messaging/emailing/email.go:58.2,58.16 1 10
github.com/gidyon/services/internal/messaging/emailing/email.go:63.2,78.25 4 2
github.com/gidyon/services/internal/messaging/emailing/email.go:41.18,42.34 1 1
github.com/gidyon/services/internal/messaging/emailing/email.go:43.18,44.34 1 1
github.com/gidyon/services/internal/messaging/emailing/email.go:45.25,46.33 1 1
github.com/gidyon/services/internal/messaging/emailing/email.go:47.26,48.35 1 1
github.com/gidyon/services/internal/messaging/emailing/email.go:49.26,50.39 1 1
github.com/gidyon/services/internal/messaging/emailing/email.go:51.25,52.39 1 1
github.com/gidyon/services/internal/messaging/emailing/email.go:53.30,54.43 1 1
github.com/gidyon/services/internal/messaging/emailing/email.go:55.30,56.43 1 1
github.com/gidyon/services/internal/messaging/emailing/email.go:58.16,60.3 1 8
github.com/gidyon/services/internal/messaging/emailing/email.go:83.25,86.16 2 6
github.com/gidyon/services/internal/messaging/emailing/email.go:91.2,92.16 2 1
github.com/gidyon/services/internal/messaging/emailing/email.go:97.2,97.12 1 1
github.com/gidyon/services/internal/messaging/emailing/email.go:104.2,104.28 1 1
github.com/gidyon/services/internal/messaging/emailing/email.go:86.16,88.3 1 5
github.com/gidyon/services/internal/messaging/emailing/email.go:92.16,94.3 1 0
github.com/gidyon/services/internal/messaging/emailing/email.go:97.12,99.17 2 1
github.com/gidyon/services/internal/messaging/emailing/email.go:99.17,101.4 1 0
github.com/gidyon/services/internal/messaging/emailing/email.go:107.49,109.9 2 6
github.com/gidyon/services/internal/messaging/emailing/email.go:123.2,123.12 1 6
github.com/gidyon/services/internal/messaging/emailing/email.go:110.20,111.32 1 1
github.com/gidyon/services/internal/messaging/emailing/email.go:112.36,113.42 1 1
github.com/gidyon/services/internal/messaging/emailing/email.go:114.24,115.34 1 1
github.com/gidyon/services/internal/messaging/emailing/email.go:116.27,117.37 1 1
github.com/gidyon/services/internal/messaging/emailing/email.go:118.24,119.34 1 1
github.com/gidyon/services/internal/messaging/emailing/email.go:120.35,121.38 1 1
github.com/gidyon/services/internal/messaging/emailing/send.go:11.70,21.47 7 0
github.com/gidyon/services/internal/messaging/emailing/send.go:29.2,29.47 1 0
github.com/gidyon/services/internal/messaging/emailing/send.go:33.2,33.34 1 0
github.com/gidyon/services/internal/messaging/emailing/send.go:21.47,23.17 2 0
github.com/gidyon/services/internal/messaging/emailing/send.go:23.17,25.4 1 0
github.com/gidyon/services/internal/messaging/emailing/send.go:29.47,31.3 1 0
