mode: atomic
github.com/gidyon/services/internal/messaging/emailing/email.go:38.95,41.9 2 10
github.com/gidyon/services/internal/messaging/emailing/email.go:59.2,59.16 1 10
github.com/gidyon/services/internal/messaging/emailing/email.go:64.2,65.16 2 2
github.com/gidyon/services/internal/messaging/emailing/email.go:70.2,87.25 4 2
github.com/gidyon/services/internal/messaging/emailing/email.go:42.18,43.34 1 1
github.com/gidyon/services/internal/messaging/emailing/email.go:44.18,45.34 1 1
github.com/gidyon/services/internal/messaging/emailing/email.go:46.25,47.33 1 1
github.com/gidyon/services/internal/messaging/emailing/email.go:48.32,49.34 1 1
github.com/gidyon/services/internal/messaging/emailing/email.go:50.26,51.39 1 1
github.com/gidyon/services/internal/messaging/emailing/email.go:52.25,53.39 1 1
github.com/gidyon/services/internal/messaging/emailing/email.go:54.30,55.43 1 1
github.com/gidyon/services/internal/messaging/emailing/email.go:56.30,57.43 1 1
github.com/gidyon/services/internal/messaging/emailing/email.go:59.16,61.3 1 8
github.com/gidyon/services/internal/messaging/emailing/email.go:65.16,67.3 1 0
github.com/gidyon/services/internal/messaging/emailing/email.go:92.25,95.16 2 6
github.com/gidyon/services/internal/messaging/emailing/email.go:100.2,101.16 2 1
github.com/gidyon/services/internal/messaging/emailing/email.go:106.2,106.12 1 1
github.com/gidyon/services/internal/messaging/emailing/email.go:113.2,113.28 1 1
github.com/gidyon/services/internal/messaging/emailing/email.go:95.16,97.3 1 5
github.com/gidyon/services/internal/messaging/emailing/email.go:101.16,103.3 1 0
github.com/gidyon/services/internal/messaging/emailing/email.go:106.12,108.17 2 1
github.com/gidyon/services/internal/messaging/emailing/email.go:108.17,110.4 1 0
github.com/gidyon/services/internal/messaging/emailing/email.go:116.49,118.9 2 6
github.com/gidyon/services/internal/messaging/emailing/email.go:132.2,132.12 1 6
github.com/gidyon/services/internal/messaging/emailing/email.go:119.20,120.32 1 1
github.com/gidyon/services/internal/messaging/emailing/email.go:121.36,122.42 1 1
github.com/gidyon/services/internal/messaging/emailing/email.go:123.24,124.34 1 1
github.com/gidyon/services/internal/messaging/emailing/email.go:125.27,126.37 1 1
github.com/gidyon/services/internal/messaging/emailing/email.go:127.24,128.34 1 1
github.com/gidyon/services/internal/messaging/emailing/email.go:129.35,130.38 1 1
github.com/gidyon/services/internal/messaging/emailing/send.go:11.70,21.47 7 0
github.com/gidyon/services/internal/messaging/emailing/send.go:29.2,29.47 1 0
github.com/gidyon/services/internal/messaging/emailing/send.go:33.2,33.34 1 0
github.com/gidyon/services/internal/messaging/emailing/send.go:21.47,23.17 2 0
github.com/gidyon/services/internal/messaging/emailing/send.go:23.17,25.4 1 0
github.com/gidyon/services/internal/messaging/emailing/send.go:29.47,31.3 1 0
